==================================================

        SYSPILOT HEALTH MONITOR REPORT            

==================================================

    DISK USAGE   

DISK_USAGE:1%
Status=OK
--------------------------------

    MEMORY USAGE   

Memory Usage: 29%
Status: OK
--------------------------------

   CPU USAGE   

CPU Usage: 5%
Status: OK
--------------------------------

    Top 5 Memory Processes      

PID      CPU%    MEM%    COMMAND
--------------------------------
612      3.5      5.8      /home/kirti/.vscode-server/bin/4fe60c8b1cdac1c4c174f2fb180d0d758272d713/node
1121     3.4      4.7      /home/kirti/.vscode-server/bin/4fe60c8b1cdac1c4c174f2fb180d0d758272d713/node
541      0.5      3.3      /home/kirti/.vscode-server/bin/4fe60c8b1cdac1c4c174f2fb180d0d758272d713/node
1165     0.0      2.3      /home/kirti/.vscode-server/bin/4fe60c8b1cdac1c4c174f2fb180d0d758272d713/node
578      0.5      2.2      /home/kirti/.vscode-server/bin/4fe60c8b1cdac1c4c174f2fb180d0d758272d713/node

Health Monitor Checkup Completed
==================================================

        SYSPILOT HEALTH MONITOR REPORT            

==================================================

    DISK USAGE   

DISK_USAGE:1%
Status=OK
--------------------------------

    MEMORY USAGE   

Memory Usage: 29%
Status: OK
--------------------------------

   CPU USAGE   

CPU Usage: 5%
Status: OK
--------------------------------

    Top 5 Memory Processes      

PID      CPU%    MEM%    COMMAND
--------------------------------
612      3.5      5.8      /home/kirti/.vscode-server/bin/4fe60c8b1cdac1c4c174f2fb180d0d758272d713/node
1121     3.4      4.7      /home/kirti/.vscode-server/bin/4fe60c8b1cdac1c4c174f2fb180d0d758272d713/node
541      0.5      3.3      /home/kirti/.vscode-server/bin/4fe60c8b1cdac1c4c174f2fb180d0d758272d713/node
1165     0.0      2.3      /home/kirti/.vscode-server/bin/4fe60c8b1cdac1c4c174f2fb180d0d758272d713/node
578      0.5      2.2      /home/kirti/.vscode-server/bin/4fe60c8b1cdac1c4c174f2fb180d0d758272d713/node

Health Monitor Checkup Completed
==================================================

        SYSPILOT HEALTH MONITOR REPORT            

==================================================

    DISK USAGE   

DISK_USAGE:1%
Status=OK
--------------------------------

    MEMORY USAGE   

Memory Usage: 29%
Status: OK
--------------------------------

   CPU USAGE   

CPU Usage: 5%
Status: OK
--------------------------------

    Top 5 Memory Processes      

PID      CPU%    MEM%    COMMAND
--------------------------------
612      3.5      5.8      /home/kirti/.vscode-server/bin/4fe60c8b1cdac1c4c174f2fb180d0d758272d713/node
1121     3.4      4.7      /home/kirti/.vscode-server/bin/4fe60c8b1cdac1c4c174f2fb180d0d758272d713/node
541      0.5      3.3      /home/kirti/.vscode-server/bin/4fe60c8b1cdac1c4c174f2fb180d0d758272d713/node
1165     0.0      2.3      /home/kirti/.vscode-server/bin/4fe60c8b1cdac1c4c174f2fb180d0d758272d713/node
578      0.5      2.2      /home/kirti/.vscode-server/bin/4fe60c8b1cdac1c4c174f2fb180d0d758272d713/node

Health Monitor Checkup Completed
==================================================

        SYSPILOT HEALTH MONITOR REPORT            

==================================================

    DISK USAGE   

DISK_USAGE:1%
Status=OK
--------------------------------

    MEMORY USAGE   

Memory Usage: 28%
Status: OK
--------------------------------

   CPU USAGE   

CPU Usage: 5%
Status: OK
--------------------------------

    Top 5 Memory Processes      

PID      CPU%    MEM%    COMMAND
--------------------------------
612      3.5      5.8      /home/kirti/.vscode-server/bin/4fe60c8b1cdac1c4c174f2fb180d0d758272d713/node
1121     3.4      4.7      /home/kirti/.vscode-server/bin/4fe60c8b1cdac1c4c174f2fb180d0d758272d713/node
541      0.5      3.3      /home/kirti/.vscode-server/bin/4fe60c8b1cdac1c4c174f2fb180d0d758272d713/node
1165     0.0      2.3      /home/kirti/.vscode-server/bin/4fe60c8b1cdac1c4c174f2fb180d0d758272d713/node
578      0.5      2.2      /home/kirti/.vscode-server/bin/4fe60c8b1cdac1c4c174f2fb180d0d758272d713/node

Health Monitor Checkup Completed
==================================================

        SYSPILOT HEALTH MONITOR REPORT            

==================================================

    DISK USAGE   

DISK_USAGE:1%
Status=OK
--------------------------------

    MEMORY USAGE   

Memory Usage: 22%
Status: OK
--------------------------------

   CPU USAGE   

CPU Usage: 42%
Status: OK
--------------------------------

    Top 5 Memory Processes      

PID      CPU%    MEM%    COMMAND
--------------------------------
541      21.8     4.7      /home/kirti/.vscode-server/bin/4fe60c8b1cdac1c4c174f2fb180d0d758272d713/node
619      23.2     4.5      /home/kirti/.vscode-server/bin/4fe60c8b1cdac1c4c174f2fb180d0d758272d713/node
653      3.1      1.8      /home/kirti/.vscode-server/bin/4fe60c8b1cdac1c4c174f2fb180d0d758272d713/node
595      3.0      1.8      /home/kirti/.vscode-server/bin/4fe60c8b1cdac1c4c174f2fb180d0d758272d713/node
557      2.2      1.5      /home/kirti/.vscode-server/bin/4fe60c8b1cdac1c4c174f2fb180d0d758272d713/node

Health Monitor Checkup Completed
==================================================

        SYSPILOT HEALTH MONITOR REPORT            

==================================================

    DISK USAGE   

DISK_USAGE:1%
Status=OK
--------------------------------

    MEMORY USAGE   

Memory Usage: 20%
Status: OK
--------------------------------

   CPU USAGE   

CPU Usage: 10%
Status: OK
--------------------------------

    Top 5 Memory Processes      

PID      CPU%    MEM%    COMMAND
--------------------------------
619      5.2      4.1      /home/kirti/.vscode-server/bin/4fe60c8b1cdac1c4c174f2fb180d0d758272d713/node
541      2.7      3.0      /home/kirti/.vscode-server/bin/4fe60c8b1cdac1c4c174f2fb180d0d758272d713/node
595      0.5      1.9      /home/kirti/.vscode-server/bin/4fe60c8b1cdac1c4c174f2fb180d0d758272d713/node
653      0.2      1.8      /home/kirti/.vscode-server/bin/4fe60c8b1cdac1c4c174f2fb180d0d758272d713/node
557      0.2      1.5      /home/kirti/.vscode-server/bin/4fe60c8b1cdac1c4c174f2fb180d0d758272d713/node

Health Monitor Checkup Completed
==================================================

        SYSPILOT HEALTH MONITOR REPORT            

==================================================

    DISK USAGE   

DISK_USAGE:1%
Status=OK
--------------------------------

    MEMORY USAGE   

Memory Usage: 20%
Status: OK
--------------------------------

   CPU USAGE   

CPU Usage: 7%
Status: OK
--------------------------------

    Top 5 Memory Processes      

PID      CPU%    MEM%    COMMAND
--------------------------------
619      4.2      4.2      /home/kirti/.vscode-server/bin/4fe60c8b1cdac1c4c174f2fb180d0d758272d713/node
541      1.6      3.1      /home/kirti/.vscode-server/bin/4fe60c8b1cdac1c4c174f2fb180d0d758272d713/node
595      0.4      1.9      /home/kirti/.vscode-server/bin/4fe60c8b1cdac1c4c174f2fb180d0d758272d713/node
653      0.1      1.9      /home/kirti/.vscode-server/bin/4fe60c8b1cdac1c4c174f2fb180d0d758272d713/node
557      0.1      1.5      /home/kirti/.vscode-server/bin/4fe60c8b1cdac1c4c174f2fb180d0d758272d713/node

Health Monitor Checkup Completed
==================================================

        SYSPILOT HEALTH MONITOR REPORT            

==================================================

    DISK USAGE   

DISK_USAGE:1%
Status=OK
--------------------------------

    MEMORY USAGE   

Memory Usage: 20%
Status: OK
--------------------------------

   CPU USAGE   

CPU Usage: 5%
Status: OK
--------------------------------

    Top 5 Memory Processes      

PID      CPU%    MEM%    COMMAND
--------------------------------
619      3.8      4.2      /home/kirti/.vscode-server/bin/4fe60c8b1cdac1c4c174f2fb180d0d758272d713/node
541      1.2      3.1      /home/kirti/.vscode-server/bin/4fe60c8b1cdac1c4c174f2fb180d0d758272d713/node
595      0.4      1.9      /home/kirti/.vscode-server/bin/4fe60c8b1cdac1c4c174f2fb180d0d758272d713/node
653      0.0      1.9      /home/kirti/.vscode-server/bin/4fe60c8b1cdac1c4c174f2fb180d0d758272d713/node
557      0.1      1.5      /home/kirti/.vscode-server/bin/4fe60c8b1cdac1c4c174f2fb180d0d758272d713/node

Health Monitor Checkup Completed
==================================================

        SYSPILOT HEALTH MONITOR REPORT            

==================================================

    DISK USAGE   

DISK_USAGE:1%
Status=OK
--------------------------------

    MEMORY USAGE   

Memory Usage: 20%
Status: OK
--------------------------------

   CPU USAGE   

CPU Usage: 5%
Status: OK
--------------------------------

    Top 5 Memory Processes      

PID      CPU%    MEM%    COMMAND
--------------------------------
619      3.5      4.2      /home/kirti/.vscode-server/bin/4fe60c8b1cdac1c4c174f2fb180d0d758272d713/node
541      0.9      3.1      /home/kirti/.vscode-server/bin/4fe60c8b1cdac1c4c174f2fb180d0d758272d713/node
595      0.3      1.9      /home/kirti/.vscode-server/bin/4fe60c8b1cdac1c4c174f2fb180d0d758272d713/node
653      0.0      1.9      /home/kirti/.vscode-server/bin/4fe60c8b1cdac1c4c174f2fb180d0d758272d713/node
557      0.1      1.5      /home/kirti/.vscode-server/bin/4fe60c8b1cdac1c4c174f2fb180d0d758272d713/node

Health Monitor Checkup Completed
==================================================

        SYSPILOT HEALTH MONITOR REPORT            

==================================================

    DISK USAGE   

DISK_USAGE:1%
Status=OK
--------------------------------

    MEMORY USAGE   

Memory Usage: 20%
Status: OK
--------------------------------

   CPU USAGE   

CPU Usage: 4%
Status: OK
--------------------------------

    Top 5 Memory Processes      

PID      CPU%    MEM%    COMMAND
--------------------------------
619      3.4      4.3      /home/kirti/.vscode-server/bin/4fe60c8b1cdac1c4c174f2fb180d0d758272d713/node
541      0.7      3.1      /home/kirti/.vscode-server/bin/4fe60c8b1cdac1c4c174f2fb180d0d758272d713/node
595      0.3      1.9      /home/kirti/.vscode-server/bin/4fe60c8b1cdac1c4c174f2fb180d0d758272d713/node
653      0.0      1.9      /home/kirti/.vscode-server/bin/4fe60c8b1cdac1c4c174f2fb180d0d758272d713/node
557      0.1      1.5      /home/kirti/.vscode-server/bin/4fe60c8b1cdac1c4c174f2fb180d0d758272d713/node

Health Monitor Checkup Completed
==================================================

        SYSPILOT HEALTH MONITOR REPORT            

==================================================

    DISK USAGE   

DISK_USAGE:1%
Status=OK
--------------------------------

    MEMORY USAGE   

Memory Usage: 20%
Status: OK
--------------------------------

   CPU USAGE   

CPU Usage: 4%
Status: OK
--------------------------------

    Top 5 Memory Processes      

PID      CPU%    MEM%    COMMAND
--------------------------------
619      3.4      4.3      /home/kirti/.vscode-server/bin/4fe60c8b1cdac1c4c174f2fb180d0d758272d713/node
541      0.7      2.8      /home/kirti/.vscode-server/bin/4fe60c8b1cdac1c4c174f2fb180d0d758272d713/node
595      0.3      1.9      /home/kirti/.vscode-server/bin/4fe60c8b1cdac1c4c174f2fb180d0d758272d713/node
653      0.0      1.9      /home/kirti/.vscode-server/bin/4fe60c8b1cdac1c4c174f2fb180d0d758272d713/node
557      0.1      1.6      /home/kirti/.vscode-server/bin/4fe60c8b1cdac1c4c174f2fb180d0d758272d713/node

Health Monitor Checkup Completed
==================================================

        SYSPILOT HEALTH MONITOR REPORT            

==================================================

    DISK USAGE   

DISK_USAGE:1%
Status=OK
--------------------------------

    MEMORY USAGE   

Memory Usage: 20%
Status: OK
--------------------------------

   CPU USAGE   

CPU Usage: 4%
Status: OK
--------------------------------

    Top 5 Memory Processes      

PID      CPU%    MEM%    COMMAND
--------------------------------
619      3.4      4.3      /home/kirti/.vscode-server/bin/4fe60c8b1cdac1c4c174f2fb180d0d758272d713/node
541      0.6      2.8      /home/kirti/.vscode-server/bin/4fe60c8b1cdac1c4c174f2fb180d0d758272d713/node
595      0.3      1.9      /home/kirti/.vscode-server/bin/4fe60c8b1cdac1c4c174f2fb180d0d758272d713/node
653      0.0      1.9      /home/kirti/.vscode-server/bin/4fe60c8b1cdac1c4c174f2fb180d0d758272d713/node
557      0.1      1.6      /home/kirti/.vscode-server/bin/4fe60c8b1cdac1c4c174f2fb180d0d758272d713/node

Health Monitor Checkup Completed
==================================================

        SYSPILOT HEALTH MONITOR REPORT            

==================================================

    DISK USAGE   

DISK_USAGE:1%
Status=OK
--------------------------------

    MEMORY USAGE   

Memory Usage: 20%
Status: OK
--------------------------------

   CPU USAGE   

CPU Usage: 4%
Status: OK
--------------------------------

    Top 5 Memory Processes      

PID      CPU%    MEM%    COMMAND
--------------------------------
619      3.3      4.4      /home/kirti/.vscode-server/bin/4fe60c8b1cdac1c4c174f2fb180d0d758272d713/node
541      0.6      2.8      /home/kirti/.vscode-server/bin/4fe60c8b1cdac1c4c174f2fb180d0d758272d713/node
595      0.3      1.9      /home/kirti/.vscode-server/bin/4fe60c8b1cdac1c4c174f2fb180d0d758272d713/node
653      0.0      1.9      /home/kirti/.vscode-server/bin/4fe60c8b1cdac1c4c174f2fb180d0d758272d713/node
557      0.0      1.6      /home/kirti/.vscode-server/bin/4fe60c8b1cdac1c4c174f2fb180d0d758272d713/node

Health Monitor Checkup Completed
==================================================

        SYSPILOT HEALTH MONITOR REPORT            

==================================================

    DISK USAGE   

DISK_USAGE:1%
Status=OK
--------------------------------

    MEMORY USAGE   

Memory Usage: 23%
Status: OK
--------------------------------

   CPU USAGE   

CPU Usage: 4%
Status: OK
--------------------------------

    Top 5 Memory Processes      

PID      CPU%    MEM%    COMMAND
--------------------------------
10111    53.9     5.2      /usr/bin/python3
619      3.3      4.4      /home/kirti/.vscode-server/bin/4fe60c8b1cdac1c4c174f2fb180d0d758272d713/node
10534    1.3      3.5      /usr/bin/python3
541      0.5      2.8      /home/kirti/.vscode-server/bin/4fe60c8b1cdac1c4c174f2fb180d0d758272d713/node
595      0.3      1.9      /home/kirti/.vscode-server/bin/4fe60c8b1cdac1c4c174f2fb180d0d758272d713/node

Health Monitor Checkup Completed
==================================================

        SYSPILOT HEALTH MONITOR REPORT            

==================================================

    DISK USAGE   

DISK_USAGE:1%
Status=OK
--------------------------------

    MEMORY USAGE   

Memory Usage: 23%
Status: OK
--------------------------------

   CPU USAGE   

CPU Usage: 7%
Status: OK
--------------------------------

    Top 5 Memory Processes      

PID      CPU%    MEM%    COMMAND
--------------------------------
619      3.4      4.4      /home/kirti/.vscode-server/bin/4fe60c8b1cdac1c4c174f2fb180d0d758272d713/node
541      0.5      2.9      /home/kirti/.vscode-server/bin/4fe60c8b1cdac1c4c174f2fb180d0d758272d713/node
595      0.3      2.0      /home/kirti/.vscode-server/bin/4fe60c8b1cdac1c4c174f2fb180d0d758272d713/node
653      0.0      1.9      /home/kirti/.vscode-server/bin/4fe60c8b1cdac1c4c174f2fb180d0d758272d713/node
20302    16.8     1.7      apt-get

Health Monitor Checkup Completed
==================================================

        SYSPILOT HEALTH MONITOR REPORT            

==================================================

    DISK USAGE   

DISK_USAGE:1%
Status=OK
--------------------------------

    MEMORY USAGE   

Memory Usage: 21%
Status: OK
--------------------------------

   CPU USAGE   

CPU Usage: 6%
Status: OK
--------------------------------

    Top 5 Memory Processes      

PID      CPU%    MEM%    COMMAND
--------------------------------
619      3.4      4.5      /home/kirti/.vscode-server/bin/4fe60c8b1cdac1c4c174f2fb180d0d758272d713/node
541      0.5      2.9      /home/kirti/.vscode-server/bin/4fe60c8b1cdac1c4c174f2fb180d0d758272d713/node
595      0.3      2.0      /home/kirti/.vscode-server/bin/4fe60c8b1cdac1c4c174f2fb180d0d758272d713/node
653      0.0      1.9      /home/kirti/.vscode-server/bin/4fe60c8b1cdac1c4c174f2fb180d0d758272d713/node
557      0.1      1.6      /home/kirti/.vscode-server/bin/4fe60c8b1cdac1c4c174f2fb180d0d758272d713/node

Health Monitor Checkup Completed
==================================================

        SYSPILOT HEALTH MONITOR REPORT            

==================================================

    DISK USAGE   

DISK_USAGE:1%
Status=OK
--------------------------------

    MEMORY USAGE   

Memory Usage: 21%
Status: OK
--------------------------------

   CPU USAGE   

CPU Usage: 6%
Status: OK
--------------------------------

    Top 5 Memory Processes      

PID      CPU%    MEM%    COMMAND
--------------------------------
619      3.4      4.5      /home/kirti/.vscode-server/bin/4fe60c8b1cdac1c4c174f2fb180d0d758272d713/node
541      0.5      2.9      /home/kirti/.vscode-server/bin/4fe60c8b1cdac1c4c174f2fb180d0d758272d713/node
595      0.3      2.0      /home/kirti/.vscode-server/bin/4fe60c8b1cdac1c4c174f2fb180d0d758272d713/node
653      0.0      1.9      /home/kirti/.vscode-server/bin/4fe60c8b1cdac1c4c174f2fb180d0d758272d713/node
557      0.1      1.6      /home/kirti/.vscode-server/bin/4fe60c8b1cdac1c4c174f2fb180d0d758272d713/node

Health Monitor Checkup Completed
==================================================

        SYSPILOT HEALTH MONITOR REPORT            

==================================================

    DISK USAGE   

DISK_USAGE:1%
Status=OK
--------------------------------

    MEMORY USAGE   

Memory Usage: 21%
Status: OK
--------------------------------

   CPU USAGE   

CPU Usage: 6%
Status: OK
--------------------------------

    Top 5 Memory Processes      

PID      CPU%    MEM%    COMMAND
--------------------------------
619      3.4      4.5      /home/kirti/.vscode-server/bin/4fe60c8b1cdac1c4c174f2fb180d0d758272d713/node
541      0.5      2.9      /home/kirti/.vscode-server/bin/4fe60c8b1cdac1c4c174f2fb180d0d758272d713/node
595      0.3      2.0      /home/kirti/.vscode-server/bin/4fe60c8b1cdac1c4c174f2fb180d0d758272d713/node
653      0.0      1.9      /home/kirti/.vscode-server/bin/4fe60c8b1cdac1c4c174f2fb180d0d758272d713/node
557      0.1      1.6      /home/kirti/.vscode-server/bin/4fe60c8b1cdac1c4c174f2fb180d0d758272d713/node

Health Monitor Checkup Completed
==================================================

        SYSPILOT HEALTH MONITOR REPORT            

==================================================

    DISK USAGE   

DISK_USAGE:1%
Status=OK
--------------------------------

    MEMORY USAGE   

Memory Usage: 21%
Status: OK
--------------------------------

   CPU USAGE   

CPU Usage: 6%
Status: OK
--------------------------------

    Top 5 Memory Processes      

PID      CPU%    MEM%    COMMAND
--------------------------------
619      3.3      4.5      /home/kirti/.vscode-server/bin/4fe60c8b1cdac1c4c174f2fb180d0d758272d713/node
541      0.4      2.9      /home/kirti/.vscode-server/bin/4fe60c8b1cdac1c4c174f2fb180d0d758272d713/node
595      0.3      2.0      /home/kirti/.vscode-server/bin/4fe60c8b1cdac1c4c174f2fb180d0d758272d713/node
653      0.0      1.9      /home/kirti/.vscode-server/bin/4fe60c8b1cdac1c4c174f2fb180d0d758272d713/node
557      0.0      1.6      /home/kirti/.vscode-server/bin/4fe60c8b1cdac1c4c174f2fb180d0d758272d713/node

Health Monitor Checkup Completed
==================================================

        SYSPILOT HEALTH MONITOR REPORT            

==================================================

    DISK USAGE   

DISK_USAGE:1%
Status=OK
--------------------------------

    MEMORY USAGE   

Memory Usage: 21%
Status: OK
--------------------------------

   CPU USAGE   

CPU Usage: 5%
Status: OK
--------------------------------

    Top 5 Memory Processes      

PID      CPU%    MEM%    COMMAND
--------------------------------
619      3.3      4.5      /home/kirti/.vscode-server/bin/4fe60c8b1cdac1c4c174f2fb180d0d758272d713/node
541      0.4      2.9      /home/kirti/.vscode-server/bin/4fe60c8b1cdac1c4c174f2fb180d0d758272d713/node
653      0.0      1.9      /home/kirti/.vscode-server/bin/4fe60c8b1cdac1c4c174f2fb180d0d758272d713/node
595      0.3      1.8      /home/kirti/.vscode-server/bin/4fe60c8b1cdac1c4c174f2fb180d0d758272d713/node
557      0.1      1.7      /home/kirti/.vscode-server/bin/4fe60c8b1cdac1c4c174f2fb180d0d758272d713/node

Health Monitor Checkup Completed
==================================================

        SYSPILOT HEALTH MONITOR REPORT            

==================================================

    DISK USAGE   

DISK_USAGE:1%
Status=OK
--------------------------------

    MEMORY USAGE   

Memory Usage: 21%
Status: OK
--------------------------------

   CPU USAGE   

CPU Usage: 5%
Status: OK
--------------------------------

    Top 5 Memory Processes      

PID      CPU%    MEM%    COMMAND
--------------------------------
619      3.3      4.5      /home/kirti/.vscode-server/bin/4fe60c8b1cdac1c4c174f2fb180d0d758272d713/node
541      0.4      2.9      /home/kirti/.vscode-server/bin/4fe60c8b1cdac1c4c174f2fb180d0d758272d713/node
653      0.0      1.9      /home/kirti/.vscode-server/bin/4fe60c8b1cdac1c4c174f2fb180d0d758272d713/node
595      0.3      1.8      /home/kirti/.vscode-server/bin/4fe60c8b1cdac1c4c174f2fb180d0d758272d713/node
557      0.1      1.7      /home/kirti/.vscode-server/bin/4fe60c8b1cdac1c4c174f2fb180d0d758272d713/node

Health Monitor Checkup Completed
==================================================

        SYSPILOT HEALTH MONITOR REPORT            

==================================================

    DISK USAGE   

DISK_USAGE:1%
Status=OK
--------------------------------

    MEMORY USAGE   

Memory Usage: 21%
Status: OK
--------------------------------

   CPU USAGE   

CPU Usage: 5%
Status: OK
--------------------------------

    Top 5 Memory Processes      

PID      CPU%    MEM%    COMMAND
--------------------------------
619      3.3      4.5      /home/kirti/.vscode-server/bin/4fe60c8b1cdac1c4c174f2fb180d0d758272d713/node
541      0.4      2.9      /home/kirti/.vscode-server/bin/4fe60c8b1cdac1c4c174f2fb180d0d758272d713/node
653      0.0      1.9      /home/kirti/.vscode-server/bin/4fe60c8b1cdac1c4c174f2fb180d0d758272d713/node
595      0.3      1.8      /home/kirti/.vscode-server/bin/4fe60c8b1cdac1c4c174f2fb180d0d758272d713/node
557      0.1      1.7      /home/kirti/.vscode-server/bin/4fe60c8b1cdac1c4c174f2fb180d0d758272d713/node

Health Monitor Checkup Completed
==================================================

        SYSPILOT HEALTH MONITOR REPORT            

==================================================

    DISK USAGE   

DISK_USAGE:1%
Status=OK
--------------------------------

    MEMORY USAGE   

Memory Usage: 21%
Status: OK
--------------------------------

   CPU USAGE   

CPU Usage: 5%
Status: OK
--------------------------------

    Top 5 Memory Processes      

PID      CPU%    MEM%    COMMAND
--------------------------------
619      3.3      4.5      /home/kirti/.vscode-server/bin/4fe60c8b1cdac1c4c174f2fb180d0d758272d713/node
541      0.4      2.9      /home/kirti/.vscode-server/bin/4fe60c8b1cdac1c4c174f2fb180d0d758272d713/node
653      0.0      1.9      /home/kirti/.vscode-server/bin/4fe60c8b1cdac1c4c174f2fb180d0d758272d713/node
595      0.3      1.9      /home/kirti/.vscode-server/bin/4fe60c8b1cdac1c4c174f2fb180d0d758272d713/node
557      0.0      1.7      /home/kirti/.vscode-server/bin/4fe60c8b1cdac1c4c174f2fb180d0d758272d713/node

Health Monitor Checkup Completed
==================================================

        SYSPILOT HEALTH MONITOR REPORT            

==================================================

    DISK USAGE   

DISK_USAGE:1%
Status=OK
--------------------------------

    MEMORY USAGE   

Memory Usage: 21%
Status: OK
--------------------------------

   CPU USAGE   

CPU Usage: 5%
Status: OK
--------------------------------

    Top 5 Memory Processes      

PID      CPU%    MEM%    COMMAND
--------------------------------
619      3.3      4.5      /home/kirti/.vscode-server/bin/4fe60c8b1cdac1c4c174f2fb180d0d758272d713/node
541      0.4      2.9      /home/kirti/.vscode-server/bin/4fe60c8b1cdac1c4c174f2fb180d0d758272d713/node
653      0.0      1.9      /home/kirti/.vscode-server/bin/4fe60c8b1cdac1c4c174f2fb180d0d758272d713/node
595      0.3      1.9      /home/kirti/.vscode-server/bin/4fe60c8b1cdac1c4c174f2fb180d0d758272d713/node
557      0.0      1.7      /home/kirti/.vscode-server/bin/4fe60c8b1cdac1c4c174f2fb180d0d758272d713/node

Health Monitor Checkup Completed
==================================================

        SYSPILOT HEALTH MONITOR REPORT            

==================================================

    DISK USAGE   

DISK_USAGE:1%
Status=OK
--------------------------------

    MEMORY USAGE   

Memory Usage: 21%
Status: OK
--------------------------------

   CPU USAGE   

CPU Usage: 5%
Status: OK
--------------------------------

    Top 5 Memory Processes      

PID      CPU%    MEM%    COMMAND
--------------------------------
619      3.3      4.5      /home/kirti/.vscode-server/bin/4fe60c8b1cdac1c4c174f2fb180d0d758272d713/node
541      0.4      2.9      /home/kirti/.vscode-server/bin/4fe60c8b1cdac1c4c174f2fb180d0d758272d713/node
653      0.0      1.9      /home/kirti/.vscode-server/bin/4fe60c8b1cdac1c4c174f2fb180d0d758272d713/node
595      0.3      1.9      /home/kirti/.vscode-server/bin/4fe60c8b1cdac1c4c174f2fb180d0d758272d713/node
557      0.0      1.7      /home/kirti/.vscode-server/bin/4fe60c8b1cdac1c4c174f2fb180d0d758272d713/node

Health Monitor Checkup Completed
==================================================

        SYSPILOT HEALTH MONITOR REPORT            

==================================================

    DISK USAGE   

DISK_USAGE:1%
Status=OK
--------------------------------

    MEMORY USAGE   

Memory Usage: 21%
Status: OK
--------------------------------

   CPU USAGE   

CPU Usage: 5%
Status: OK
--------------------------------

    Top 5 Memory Processes      

PID      CPU%    MEM%    COMMAND
--------------------------------
619      3.3      4.5      /home/kirti/.vscode-server/bin/4fe60c8b1cdac1c4c174f2fb180d0d758272d713/node
541      0.4      2.9      /home/kirti/.vscode-server/bin/4fe60c8b1cdac1c4c174f2fb180d0d758272d713/node
653      0.0      1.9      /home/kirti/.vscode-server/bin/4fe60c8b1cdac1c4c174f2fb180d0d758272d713/node
595      0.3      1.9      /home/kirti/.vscode-server/bin/4fe60c8b1cdac1c4c174f2fb180d0d758272d713/node
557      0.0      1.7      /home/kirti/.vscode-server/bin/4fe60c8b1cdac1c4c174f2fb180d0d758272d713/node

Health Monitor Checkup Completed
==================================================

        SYSPILOT HEALTH MONITOR REPORT            

==================================================

    DISK USAGE   

df: /mnt/c: Input/output error
df: /mnt/d: Input/output error
DISK_USAGE:1%
Status=OK
--------------------------------

    MEMORY USAGE   

Memory Usage: 13%
Status: OK
--------------------------------

   CPU USAGE   

CPU Usage: 5%
Status: OK
--------------------------------

    Top 5 Memory Processes      

PID      CPU%    MEM%    COMMAND
--------------------------------
243      0.0      0.8      /usr/bin/python3
195      0.0      0.7      /usr/bin/python3
77       0.0      0.4      /usr/lib/systemd/systemd-journald
1        0.0      0.4      /sbin/init
123      0.0      0.3      /usr/lib/systemd/systemd-resolved

Health Monitor Checkup Completed
==================================================

        SYSPILOT HEALTH MONITOR REPORT            

==================================================

    DISK USAGE   

DISK_USAGE:1%
Status=OK
--------------------------------

    MEMORY USAGE   

Memory Usage: 19%
Status: OK
--------------------------------

   CPU USAGE   

CPU Usage: 22%
Status: OK
--------------------------------

    Top 5 Memory Processes      

PID      CPU%    MEM%    COMMAND
--------------------------------
676      7.4      4.1      /home/kirti/.vscode-server/bin/4fe60c8b1cdac1c4c174f2fb180d0d758272d713/node
459      7.9      3.0      /home/kirti/.vscode-server/bin/4fe60c8b1cdac1c4c174f2fb180d0d758272d713/node
530      0.9      1.8      /home/kirti/.vscode-server/bin/4fe60c8b1cdac1c4c174f2fb180d0d758272d713/node
553      0.3      1.4      /home/kirti/.vscode-server/bin/4fe60c8b1cdac1c4c174f2fb180d0d758272d713/node
480      0.5      1.4      /home/kirti/.vscode-server/bin/4fe60c8b1cdac1c4c174f2fb180d0d758272d713/node

Health Monitor Checkup Completed
==================================================

        SYSPILOT HEALTH MONITOR REPORT            

==================================================

    DISK USAGE   

DISK_USAGE:1%
Status=OK
--------------------------------

    MEMORY USAGE   

Memory Usage: 18%
Status: OK
--------------------------------

   CPU USAGE   

CPU Usage: 11%
Status: OK
--------------------------------

    Top 5 Memory Processes      

PID      CPU%    MEM%    COMMAND
--------------------------------
676      4.3      3.6      /home/kirti/.vscode-server/bin/4fe60c8b1cdac1c4c174f2fb180d0d758272d713/node
459      2.8      3.0      /home/kirti/.vscode-server/bin/4fe60c8b1cdac1c4c174f2fb180d0d758272d713/node
530      0.5      1.8      /home/kirti/.vscode-server/bin/4fe60c8b1cdac1c4c174f2fb180d0d758272d713/node
553      0.1      1.4      /home/kirti/.vscode-server/bin/4fe60c8b1cdac1c4c174f2fb180d0d758272d713/node
480      0.1      1.4      /home/kirti/.vscode-server/bin/4fe60c8b1cdac1c4c174f2fb180d0d758272d713/node

Health Monitor Checkup Completed
==================================================

        SYSPILOT HEALTH MONITOR REPORT            

==================================================

    DISK USAGE   

DISK_USAGE:1%
Status=OK
--------------------------------

    MEMORY USAGE   

Memory Usage: 18%
Status: OK
--------------------------------

   CPU USAGE   

CPU Usage: 8%
Status: OK
--------------------------------

    Top 5 Memory Processes      

PID      CPU%    MEM%    COMMAND
--------------------------------
676      3.6      3.7      /home/kirti/.vscode-server/bin/4fe60c8b1cdac1c4c174f2fb180d0d758272d713/node
459      1.7      3.0      /home/kirti/.vscode-server/bin/4fe60c8b1cdac1c4c174f2fb180d0d758272d713/node
530      0.3      1.8      /home/kirti/.vscode-server/bin/4fe60c8b1cdac1c4c174f2fb180d0d758272d713/node
553      0.1      1.4      /home/kirti/.vscode-server/bin/4fe60c8b1cdac1c4c174f2fb180d0d758272d713/node
480      0.1      1.4      /home/kirti/.vscode-server/bin/4fe60c8b1cdac1c4c174f2fb180d0d758272d713/node

Health Monitor Checkup Completed
==================================================

        SYSPILOT HEALTH MONITOR REPORT            

==================================================

    DISK USAGE   

DISK_USAGE:1%
Status=OK
--------------------------------

    MEMORY USAGE   

Memory Usage: 18%
Status: OK
--------------------------------

   CPU USAGE   

CPU Usage: 6%
Status: OK
--------------------------------

    Top 5 Memory Processes      

PID      CPU%    MEM%    COMMAND
--------------------------------
676      3.2      3.7      /home/kirti/.vscode-server/bin/4fe60c8b1cdac1c4c174f2fb180d0d758272d713/node
459      1.3      3.0      /home/kirti/.vscode-server/bin/4fe60c8b1cdac1c4c174f2fb180d0d758272d713/node
530      0.3      1.7      /home/kirti/.vscode-server/bin/4fe60c8b1cdac1c4c174f2fb180d0d758272d713/node
553      0.0      1.4      /home/kirti/.vscode-server/bin/4fe60c8b1cdac1c4c174f2fb180d0d758272d713/node
480      0.0      1.4      /home/kirti/.vscode-server/bin/4fe60c8b1cdac1c4c174f2fb180d0d758272d713/node

Health Monitor Checkup Completed
==================================================

        SYSPILOT HEALTH MONITOR REPORT            

==================================================

    DISK USAGE   

DISK_USAGE:1%
Status=OK
--------------------------------

    MEMORY USAGE   

Memory Usage: 18%
Status: OK
--------------------------------

   CPU USAGE   

CPU Usage: 5%
Status: OK
--------------------------------

    Top 5 Memory Processes      

PID      CPU%    MEM%    COMMAND
--------------------------------
676      3.1      3.7      /home/kirti/.vscode-server/bin/4fe60c8b1cdac1c4c174f2fb180d0d758272d713/node
459      1.0      3.0      /home/kirti/.vscode-server/bin/4fe60c8b1cdac1c4c174f2fb180d0d758272d713/node
530      0.2      1.7      /home/kirti/.vscode-server/bin/4fe60c8b1cdac1c4c174f2fb180d0d758272d713/node
553      0.0      1.4      /home/kirti/.vscode-server/bin/4fe60c8b1cdac1c4c174f2fb180d0d758272d713/node
480      0.0      1.4      /home/kirti/.vscode-server/bin/4fe60c8b1cdac1c4c174f2fb180d0d758272d713/node

Health Monitor Checkup Completed
==================================================

        SYSPILOT HEALTH MONITOR REPORT            

==================================================

    DISK USAGE   

DISK_USAGE:1%
Status=OK
--------------------------------

    MEMORY USAGE   

Memory Usage: 18%
Status: OK
--------------------------------

   CPU USAGE   

CPU Usage: 5%
Status: OK
--------------------------------

    Top 5 Memory Processes      

PID      CPU%    MEM%    COMMAND
--------------------------------
676      3.1      3.7      /home/kirti/.vscode-server/bin/4fe60c8b1cdac1c4c174f2fb180d0d758272d713/node
459      0.9      3.0      /home/kirti/.vscode-server/bin/4fe60c8b1cdac1c4c174f2fb180d0d758272d713/node
530      0.2      1.8      /home/kirti/.vscode-server/bin/4fe60c8b1cdac1c4c174f2fb180d0d758272d713/node
520      0.1      1.4      /home/kirti/.vscode-server/bin/4fe60c8b1cdac1c4c174f2fb180d0d758272d713/node
553      0.0      1.4      /home/kirti/.vscode-server/bin/4fe60c8b1cdac1c4c174f2fb180d0d758272d713/node

Health Monitor Checkup Completed
==================================================

        SYSPILOT HEALTH MONITOR REPORT            

==================================================

    DISK USAGE   

DISK_USAGE:1%
Status=OK
--------------------------------

    MEMORY USAGE   

Memory Usage: 18%
Status: OK
--------------------------------

   CPU USAGE   

CPU Usage: 5%
Status: OK
--------------------------------

    Top 5 Memory Processes      

PID      CPU%    MEM%    COMMAND
--------------------------------
676      3.2      3.9      /home/kirti/.vscode-server/bin/4fe60c8b1cdac1c4c174f2fb180d0d758272d713/node
459      0.7      3.0      /home/kirti/.vscode-server/bin/4fe60c8b1cdac1c4c174f2fb180d0d758272d713/node
530      0.2      1.8      /home/kirti/.vscode-server/bin/4fe60c8b1cdac1c4c174f2fb180d0d758272d713/node
520      0.1      1.4      /home/kirti/.vscode-server/bin/4fe60c8b1cdac1c4c174f2fb180d0d758272d713/node
553      0.0      1.4      /home/kirti/.vscode-server/bin/4fe60c8b1cdac1c4c174f2fb180d0d758272d713/node

Health Monitor Checkup Completed
==================================================

        SYSPILOT HEALTH MONITOR REPORT            

==================================================

    DISK USAGE   

DISK_USAGE:1%
Status=OK
--------------------------------

    MEMORY USAGE   

Memory Usage: 20%
Status: OK
--------------------------------

   CPU USAGE   

CPU Usage: 5%
Status: OK
--------------------------------

    Top 5 Memory Processes      

PID      CPU%    MEM%    COMMAND
--------------------------------
676      3.2      4.3      /home/kirti/.vscode-server/bin/4fe60c8b1cdac1c4c174f2fb180d0d758272d713/node
459      0.7      3.0      /home/kirti/.vscode-server/bin/4fe60c8b1cdac1c4c174f2fb180d0d758272d713/node
530      0.3      1.9      /home/kirti/.vscode-server/bin/4fe60c8b1cdac1c4c174f2fb180d0d758272d713/node
7282     2.6      1.8      /home/kirti/.vscode-server/bin/4fe60c8b1cdac1c4c174f2fb180d0d758272d713/node
480      0.0      1.5      /home/kirti/.vscode-server/bin/4fe60c8b1cdac1c4c174f2fb180d0d758272d713/node

Health Monitor Checkup Completed
==================================================

        SYSPILOT HEALTH MONITOR REPORT            

==================================================

    DISK USAGE   

DISK_USAGE:1%
Status=OK
--------------------------------

    MEMORY USAGE   

Memory Usage: 20%
Status: OK
--------------------------------

   CPU USAGE   

CPU Usage: 4%
Status: OK
--------------------------------

    Top 5 Memory Processes      

PID      CPU%    MEM%    COMMAND
--------------------------------
676      3.3      4.0      /home/kirti/.vscode-server/bin/4fe60c8b1cdac1c4c174f2fb180d0d758272d713/node
459      0.7      3.1      /home/kirti/.vscode-server/bin/4fe60c8b1cdac1c4c174f2fb180d0d758272d713/node
530      0.3      1.9      /home/kirti/.vscode-server/bin/4fe60c8b1cdac1c4c174f2fb180d0d758272d713/node
7282     0.1      1.8      /home/kirti/.vscode-server/bin/4fe60c8b1cdac1c4c174f2fb180d0d758272d713/node
480      0.1      1.5      /home/kirti/.vscode-server/bin/4fe60c8b1cdac1c4c174f2fb180d0d758272d713/node

Health Monitor Checkup Completed
==================================================

        SYSPILOT HEALTH MONITOR REPORT            

==================================================

    DISK USAGE   

DISK_USAGE:1%
Status=OK
--------------------------------

    MEMORY USAGE   

Memory Usage: 19%
Status: OK
--------------------------------

   CPU USAGE   

CPU Usage: 4%
Status: OK
--------------------------------

    Top 5 Memory Processes      

PID      CPU%    MEM%    COMMAND
--------------------------------
676      3.3      4.1      /home/kirti/.vscode-server/bin/4fe60c8b1cdac1c4c174f2fb180d0d758272d713/node
459      0.7      3.1      /home/kirti/.vscode-server/bin/4fe60c8b1cdac1c4c174f2fb180d0d758272d713/node
530      0.3      1.9      /home/kirti/.vscode-server/bin/4fe60c8b1cdac1c4c174f2fb180d0d758272d713/node
7282     0.0      1.8      /home/kirti/.vscode-server/bin/4fe60c8b1cdac1c4c174f2fb180d0d758272d713/node
480      0.1      1.5      /home/kirti/.vscode-server/bin/4fe60c8b1cdac1c4c174f2fb180d0d758272d713/node

Health Monitor Checkup Completed
==================================================

        SYSPILOT HEALTH MONITOR REPORT            

==================================================

    DISK USAGE   

DISK_USAGE:1%
Status=OK
--------------------------------

    MEMORY USAGE   

Memory Usage: 21%
Status: OK
--------------------------------

   CPU USAGE   

CPU Usage: 4%
Status: OK
--------------------------------

    Top 5 Memory Processes      

PID      CPU%    MEM%    COMMAND
--------------------------------
676      3.3      4.2      /home/kirti/.vscode-server/bin/4fe60c8b1cdac1c4c174f2fb180d0d758272d713/node
459      0.7      4.0      /home/kirti/.vscode-server/bin/4fe60c8b1cdac1c4c174f2fb180d0d758272d713/node
530      0.3      2.0      /home/kirti/.vscode-server/bin/4fe60c8b1cdac1c4c174f2fb180d0d758272d713/node
7282     0.0      1.8      /home/kirti/.vscode-server/bin/4fe60c8b1cdac1c4c174f2fb180d0d758272d713/node
480      0.1      1.6      /home/kirti/.vscode-server/bin/4fe60c8b1cdac1c4c174f2fb180d0d758272d713/node

Health Monitor Checkup Completed
==================================================

        SYSPILOT HEALTH MONITOR REPORT            

==================================================

    DISK USAGE   

DISK_USAGE:1%
Status=OK
--------------------------------

    MEMORY USAGE   

Memory Usage: 21%
Status: OK
--------------------------------

   CPU USAGE   

CPU Usage: 4%
Status: OK
--------------------------------

    Top 5 Memory Processes      

PID      CPU%    MEM%    COMMAND
--------------------------------
676      3.3      4.2      /home/kirti/.vscode-server/bin/4fe60c8b1cdac1c4c174f2fb180d0d758272d713/node
459      0.7      4.0      /home/kirti/.vscode-server/bin/4fe60c8b1cdac1c4c174f2fb180d0d758272d713/node
7282     0.0      1.8      /home/kirti/.vscode-server/bin/4fe60c8b1cdac1c4c174f2fb180d0d758272d713/node
530      0.4      1.8      /home/kirti/.vscode-server/bin/4fe60c8b1cdac1c4c174f2fb180d0d758272d713/node
480      0.1      1.6      /home/kirti/.vscode-server/bin/4fe60c8b1cdac1c4c174f2fb180d0d758272d713/node

Health Monitor Checkup Completed
==================================================

        SYSPILOT HEALTH MONITOR REPORT            

==================================================

    DISK USAGE   

DISK_USAGE:1%
Status=OK
--------------------------------

    MEMORY USAGE   

Memory Usage: 21%
Status: OK
--------------------------------

   CPU USAGE   

CPU Usage: 4%
Status: OK
--------------------------------

    Top 5 Memory Processes      

PID      CPU%    MEM%    COMMAND
--------------------------------
676      3.3      4.2      /home/kirti/.vscode-server/bin/4fe60c8b1cdac1c4c174f2fb180d0d758272d713/node
459      0.7      4.0      /home/kirti/.vscode-server/bin/4fe60c8b1cdac1c4c174f2fb180d0d758272d713/node
530      0.4      1.9      /home/kirti/.vscode-server/bin/4fe60c8b1cdac1c4c174f2fb180d0d758272d713/node
7282     0.0      1.8      /home/kirti/.vscode-server/bin/4fe60c8b1cdac1c4c174f2fb180d0d758272d713/node
480      0.1      1.6      /home/kirti/.vscode-server/bin/4fe60c8b1cdac1c4c174f2fb180d0d758272d713/node

Health Monitor Checkup Completed
==================================================

        SYSPILOT HEALTH MONITOR REPORT            

==================================================

    DISK USAGE   

DISK_USAGE:1%
Status=OK
--------------------------------

    MEMORY USAGE   

Memory Usage: 21%
Status: OK
--------------------------------

   CPU USAGE   

CPU Usage: 4%
Status: OK
--------------------------------

    Top 5 Memory Processes      

PID      CPU%    MEM%    COMMAND
--------------------------------
676      3.3      4.2      /home/kirti/.vscode-server/bin/4fe60c8b1cdac1c4c174f2fb180d0d758272d713/node
459      0.7      4.0      /home/kirti/.vscode-server/bin/4fe60c8b1cdac1c4c174f2fb180d0d758272d713/node
530      0.4      1.9      /home/kirti/.vscode-server/bin/4fe60c8b1cdac1c4c174f2fb180d0d758272d713/node
7282     0.0      1.8      /home/kirti/.vscode-server/bin/4fe60c8b1cdac1c4c174f2fb180d0d758272d713/node
480      0.1      1.6      /home/kirti/.vscode-server/bin/4fe60c8b1cdac1c4c174f2fb180d0d758272d713/node

Health Monitor Checkup Completed
==================================================

        SYSPILOT HEALTH MONITOR REPORT            

==================================================

    DISK USAGE   

DISK_USAGE:1%
Status=OK
--------------------------------

    MEMORY USAGE   

Memory Usage: 20%
Status: OK
--------------------------------

   CPU USAGE   

CPU Usage: 40%
Status: OK
--------------------------------

    Top 5 Memory Processes      

PID      CPU%    MEM%    COMMAND
--------------------------------
536      15.3     4.5      /home/kirti/.vscode-server/bin/4fe60c8b1cdac1c4c174f2fb180d0d758272d713/node
691      14.3     4.1      /home/kirti/.vscode-server/bin/4fe60c8b1cdac1c4c174f2fb180d0d758272d713/node
610      2.3      1.8      /home/kirti/.vscode-server/bin/4fe60c8b1cdac1c4c174f2fb180d0d758272d713/node
556      1.3      1.5      /home/kirti/.vscode-server/bin/4fe60c8b1cdac1c4c174f2fb180d0d758272d713/node
627      1.0      1.4      /home/kirti/.vscode-server/bin/4fe60c8b1cdac1c4c174f2fb180d0d758272d713/node

Health Monitor Checkup Completed
==================================================

        SYSPILOT HEALTH MONITOR REPORT            

==================================================

    DISK USAGE   

DISK_USAGE:1%
Status=OK
--------------------------------

    MEMORY USAGE   

Memory Usage: 17%
Status: OK
--------------------------------

   CPU USAGE   

CPU Usage: 15%
Status: OK
--------------------------------

    Top 5 Memory Processes      

PID      CPU%    MEM%    COMMAND
--------------------------------
691      5.5      3.5      /home/kirti/.vscode-server/bin/4fe60c8b1cdac1c4c174f2fb180d0d758272d713/node
536      4.6      2.5      /home/kirti/.vscode-server/bin/4fe60c8b1cdac1c4c174f2fb180d0d758272d713/node
610      0.7      1.8      /home/kirti/.vscode-server/bin/4fe60c8b1cdac1c4c174f2fb180d0d758272d713/node
556      0.3      1.5      /home/kirti/.vscode-server/bin/4fe60c8b1cdac1c4c174f2fb180d0d758272d713/node
627      0.2      1.4      /home/kirti/.vscode-server/bin/4fe60c8b1cdac1c4c174f2fb180d0d758272d713/node

Health Monitor Checkup Completed
==================================================

        SYSPILOT HEALTH MONITOR REPORT            

==================================================

    DISK USAGE   

DISK_USAGE:1%
Status=OK
--------------------------------

    MEMORY USAGE   

Memory Usage: 17%
Status: OK
--------------------------------

   CPU USAGE   

CPU Usage: 10%
Status: OK
--------------------------------

    Top 5 Memory Processes      

PID      CPU%    MEM%    COMMAND
--------------------------------
691      4.1      3.5      /home/kirti/.vscode-server/bin/4fe60c8b1cdac1c4c174f2fb180d0d758272d713/node
536      2.7      2.5      /home/kirti/.vscode-server/bin/4fe60c8b1cdac1c4c174f2fb180d0d758272d713/node
610      0.4      1.8      /home/kirti/.vscode-server/bin/4fe60c8b1cdac1c4c174f2fb180d0d758272d713/node
556      0.2      1.5      /home/kirti/.vscode-server/bin/4fe60c8b1cdac1c4c174f2fb180d0d758272d713/node
627      0.1      1.4      /home/kirti/.vscode-server/bin/4fe60c8b1cdac1c4c174f2fb180d0d758272d713/node

Health Monitor Checkup Completed
==================================================

        SYSPILOT HEALTH MONITOR REPORT            

==================================================

    DISK USAGE   

DISK_USAGE:1%
Status=OK
--------------------------------

    MEMORY USAGE   

Memory Usage: 17%
Status: OK
--------------------------------

   CPU USAGE   

CPU Usage: 8%
Status: OK
--------------------------------

    Top 5 Memory Processes      

PID      CPU%    MEM%    COMMAND
--------------------------------
691      3.5      3.6      /home/kirti/.vscode-server/bin/4fe60c8b1cdac1c4c174f2fb180d0d758272d713/node
536      1.9      2.4      /home/kirti/.vscode-server/bin/4fe60c8b1cdac1c4c174f2fb180d0d758272d713/node
610      0.3      1.7      /home/kirti/.vscode-server/bin/4fe60c8b1cdac1c4c174f2fb180d0d758272d713/node
627      0.1      1.4      /home/kirti/.vscode-server/bin/4fe60c8b1cdac1c4c174f2fb180d0d758272d713/node
556      0.1      1.3      /home/kirti/.vscode-server/bin/4fe60c8b1cdac1c4c174f2fb180d0d758272d713/node

Health Monitor Checkup Completed
==================================================

        SYSPILOT HEALTH MONITOR REPORT            

==================================================

    DISK USAGE   

DISK_USAGE:1%
Status=OK
--------------------------------

    MEMORY USAGE   

Memory Usage: 17%
Status: OK
--------------------------------

   CPU USAGE   

CPU Usage: 6%
Status: OK
--------------------------------

    Top 5 Memory Processes      

PID      CPU%    MEM%    COMMAND
--------------------------------
691      3.2      3.6      /home/kirti/.vscode-server/bin/4fe60c8b1cdac1c4c174f2fb180d0d758272d713/node
536      1.5      2.4      /home/kirti/.vscode-server/bin/4fe60c8b1cdac1c4c174f2fb180d0d758272d713/node
610      0.3      1.7      /home/kirti/.vscode-server/bin/4fe60c8b1cdac1c4c174f2fb180d0d758272d713/node
627      0.1      1.4      /home/kirti/.vscode-server/bin/4fe60c8b1cdac1c4c174f2fb180d0d758272d713/node
556      0.1      1.3      /home/kirti/.vscode-server/bin/4fe60c8b1cdac1c4c174f2fb180d0d758272d713/node

Health Monitor Checkup Completed
==================================================

        SYSPILOT HEALTH MONITOR REPORT            

==================================================

    DISK USAGE   

DISK_USAGE:1%
Status=OK
--------------------------------

    MEMORY USAGE   

Memory Usage: 17%
Status: OK
--------------------------------

   CPU USAGE   

CPU Usage: 6%
Status: OK
--------------------------------

    Top 5 Memory Processes      

PID      CPU%    MEM%    COMMAND
--------------------------------
691      3.0      3.6      /home/kirti/.vscode-server/bin/4fe60c8b1cdac1c4c174f2fb180d0d758272d713/node
536      1.2      2.4      /home/kirti/.vscode-server/bin/4fe60c8b1cdac1c4c174f2fb180d0d758272d713/node
610      0.3      1.7      /home/kirti/.vscode-server/bin/4fe60c8b1cdac1c4c174f2fb180d0d758272d713/node
627      0.0      1.4      /home/kirti/.vscode-server/bin/4fe60c8b1cdac1c4c174f2fb180d0d758272d713/node
556      0.1      1.3      /home/kirti/.vscode-server/bin/4fe60c8b1cdac1c4c174f2fb180d0d758272d713/node

Health Monitor Checkup Completed
==================================================

        SYSPILOT HEALTH MONITOR REPORT            

==================================================

    DISK USAGE   

DISK_USAGE:1%
Status=OK
--------------------------------

    MEMORY USAGE   

Memory Usage: 17%
Status: OK
--------------------------------

   CPU USAGE   

CPU Usage: 6%
Status: OK
--------------------------------

    Top 5 Memory Processes      

PID      CPU%    MEM%    COMMAND
--------------------------------
691      2.9      3.6      /home/kirti/.vscode-server/bin/4fe60c8b1cdac1c4c174f2fb180d0d758272d713/node
536      1.0      2.5      /home/kirti/.vscode-server/bin/4fe60c8b1cdac1c4c174f2fb180d0d758272d713/node
610      0.2      1.7      /home/kirti/.vscode-server/bin/4fe60c8b1cdac1c4c174f2fb180d0d758272d713/node
627      0.0      1.4      /home/kirti/.vscode-server/bin/4fe60c8b1cdac1c4c174f2fb180d0d758272d713/node
556      0.0      1.3      /home/kirti/.vscode-server/bin/4fe60c8b1cdac1c4c174f2fb180d0d758272d713/node

Health Monitor Checkup Completed
==================================================

        SYSPILOT HEALTH MONITOR REPORT            

==================================================

    DISK USAGE   

DISK_USAGE:1%
Status=OK
--------------------------------

    MEMORY USAGE   

Memory Usage: 17%
Status: OK
--------------------------------

   CPU USAGE   

CPU Usage: 5%
Status: OK
--------------------------------

    Top 5 Memory Processes      

PID      CPU%    MEM%    COMMAND
--------------------------------
691      2.8      3.7      /home/kirti/.vscode-server/bin/4fe60c8b1cdac1c4c174f2fb180d0d758272d713/node
536      0.9      2.5      /home/kirti/.vscode-server/bin/4fe60c8b1cdac1c4c174f2fb180d0d758272d713/node
610      0.2      1.8      /home/kirti/.vscode-server/bin/4fe60c8b1cdac1c4c174f2fb180d0d758272d713/node
627      0.0      1.4      /home/kirti/.vscode-server/bin/4fe60c8b1cdac1c4c174f2fb180d0d758272d713/node
556      0.0      1.3      /home/kirti/.vscode-server/bin/4fe60c8b1cdac1c4c174f2fb180d0d758272d713/node

Health Monitor Checkup Completed
==================================================

        SYSPILOT HEALTH MONITOR REPORT            

==================================================

    DISK USAGE   

DISK_USAGE:1%
Status=OK
--------------------------------

    MEMORY USAGE   

Memory Usage: 18%
Status: OK
--------------------------------

   CPU USAGE   

CPU Usage: 5%
Status: OK
--------------------------------

    Top 5 Memory Processes      

PID      CPU%    MEM%    COMMAND
--------------------------------
691      2.7      3.7      /home/kirti/.vscode-server/bin/4fe60c8b1cdac1c4c174f2fb180d0d758272d713/node
536      0.8      2.5      /home/kirti/.vscode-server/bin/4fe60c8b1cdac1c4c174f2fb180d0d758272d713/node
610      0.2      1.8      /home/kirti/.vscode-server/bin/4fe60c8b1cdac1c4c174f2fb180d0d758272d713/node
627      0.0      1.4      /home/kirti/.vscode-server/bin/4fe60c8b1cdac1c4c174f2fb180d0d758272d713/node
556      0.0      1.3      /home/kirti/.vscode-server/bin/4fe60c8b1cdac1c4c174f2fb180d0d758272d713/node

Health Monitor Checkup Completed
==================================================

        SYSPILOT HEALTH MONITOR REPORT            

==================================================

    DISK USAGE   

DISK_USAGE:1%
Status=OK
--------------------------------

    MEMORY USAGE   

Memory Usage: 17%
Status: OK
--------------------------------

   CPU USAGE   

CPU Usage: 5%
Status: OK
--------------------------------

    Top 5 Memory Processes      

PID      CPU%    MEM%    COMMAND
--------------------------------
691      2.7      3.7      /home/kirti/.vscode-server/bin/4fe60c8b1cdac1c4c174f2fb180d0d758272d713/node
536      0.7      2.5      /home/kirti/.vscode-server/bin/4fe60c8b1cdac1c4c174f2fb180d0d758272d713/node
610      0.2      1.8      /home/kirti/.vscode-server/bin/4fe60c8b1cdac1c4c174f2fb180d0d758272d713/node
627      0.0      1.4      /home/kirti/.vscode-server/bin/4fe60c8b1cdac1c4c174f2fb180d0d758272d713/node
556      0.0      1.3      /home/kirti/.vscode-server/bin/4fe60c8b1cdac1c4c174f2fb180d0d758272d713/node

Health Monitor Checkup Completed
==================================================

        SYSPILOT HEALTH MONITOR REPORT            

==================================================

    DISK USAGE   

DISK_USAGE:1%
Status=OK
--------------------------------

    MEMORY USAGE   

Memory Usage: 18%
Status: OK
--------------------------------

   CPU USAGE   

CPU Usage: 5%
Status: OK
--------------------------------

    Top 5 Memory Processes      

PID      CPU%    MEM%    COMMAND
--------------------------------
691      2.7      3.8      /home/kirti/.vscode-server/bin/4fe60c8b1cdac1c4c174f2fb180d0d758272d713/node
536      0.7      2.5      /home/kirti/.vscode-server/bin/4fe60c8b1cdac1c4c174f2fb180d0d758272d713/node
610      0.2      1.8      /home/kirti/.vscode-server/bin/4fe60c8b1cdac1c4c174f2fb180d0d758272d713/node
627      0.0      1.4      /home/kirti/.vscode-server/bin/4fe60c8b1cdac1c4c174f2fb180d0d758272d713/node
556      0.0      1.3      /home/kirti/.vscode-server/bin/4fe60c8b1cdac1c4c174f2fb180d0d758272d713/node

Health Monitor Checkup Completed
==================================================

        SYSPILOT HEALTH MONITOR REPORT            

==================================================

    DISK USAGE   

DISK_USAGE:1%
Status=OK
--------------------------------

    MEMORY USAGE   

Memory Usage: 18%
Status: OK
--------------------------------

   CPU USAGE   

CPU Usage: 4%
Status: OK
--------------------------------

    Top 5 Memory Processes      

PID      CPU%    MEM%    COMMAND
--------------------------------
691      2.7      3.8      /home/kirti/.vscode-server/bin/4fe60c8b1cdac1c4c174f2fb180d0d758272d713/node
536      0.6      2.5      /home/kirti/.vscode-server/bin/4fe60c8b1cdac1c4c174f2fb180d0d758272d713/node
610      0.2      1.8      /home/kirti/.vscode-server/bin/4fe60c8b1cdac1c4c174f2fb180d0d758272d713/node
556      0.0      1.5      /home/kirti/.vscode-server/bin/4fe60c8b1cdac1c4c174f2fb180d0d758272d713/node
627      0.0      1.4      /home/kirti/.vscode-server/bin/4fe60c8b1cdac1c4c174f2fb180d0d758272d713/node

Health Monitor Checkup Completed
==================================================

        SYSPILOT HEALTH MONITOR REPORT            

==================================================

    DISK USAGE   

DISK_USAGE:1%
Status=OK
--------------------------------

    MEMORY USAGE   

Memory Usage: 18%
Status: OK
--------------------------------

   CPU USAGE   

CPU Usage: 4%
Status: OK
--------------------------------

    Top 5 Memory Processes      

PID      CPU%    MEM%    COMMAND
--------------------------------
691      2.7      3.8      /home/kirti/.vscode-server/bin/4fe60c8b1cdac1c4c174f2fb180d0d758272d713/node
536      0.6      2.5      /home/kirti/.vscode-server/bin/4fe60c8b1cdac1c4c174f2fb180d0d758272d713/node
610      0.2      1.9      /home/kirti/.vscode-server/bin/4fe60c8b1cdac1c4c174f2fb180d0d758272d713/node
556      0.0      1.5      /home/kirti/.vscode-server/bin/4fe60c8b1cdac1c4c174f2fb180d0d758272d713/node
627      0.0      1.4      /home/kirti/.vscode-server/bin/4fe60c8b1cdac1c4c174f2fb180d0d758272d713/node

Health Monitor Checkup Completed
==================================================

        SYSPILOT HEALTH MONITOR REPORT            

==================================================

    DISK USAGE   

DISK_USAGE:1%
Status=OK
--------------------------------

    MEMORY USAGE   

Memory Usage: 18%
Status: OK
--------------------------------

   CPU USAGE   

CPU Usage: 4%
Status: OK
--------------------------------

    Top 5 Memory Processes      

PID      CPU%    MEM%    COMMAND
--------------------------------
691      2.8      3.9      /home/kirti/.vscode-server/bin/4fe60c8b1cdac1c4c174f2fb180d0d758272d713/node
536      0.6      2.5      /home/kirti/.vscode-server/bin/4fe60c8b1cdac1c4c174f2fb180d0d758272d713/node
610      0.2      1.9      /home/kirti/.vscode-server/bin/4fe60c8b1cdac1c4c174f2fb180d0d758272d713/node
556      0.0      1.5      /home/kirti/.vscode-server/bin/4fe60c8b1cdac1c4c174f2fb180d0d758272d713/node
587      0.0      1.4      /home/kirti/.vscode-server/bin/4fe60c8b1cdac1c4c174f2fb180d0d758272d713/node

Health Monitor Checkup Completed
==================================================

        SYSPILOT HEALTH MONITOR REPORT            

==================================================

    DISK USAGE   

DISK_USAGE:1%
Status=OK
--------------------------------

    MEMORY USAGE   

Memory Usage: 18%
Status: OK
--------------------------------

   CPU USAGE   

CPU Usage: 4%
Status: OK
--------------------------------

    Top 5 Memory Processes      

PID      CPU%    MEM%    COMMAND
--------------------------------
691      2.9      3.9      /home/kirti/.vscode-server/bin/4fe60c8b1cdac1c4c174f2fb180d0d758272d713/node
536      0.5      2.5      /home/kirti/.vscode-server/bin/4fe60c8b1cdac1c4c174f2fb180d0d758272d713/node
610      0.2      1.9      /home/kirti/.vscode-server/bin/4fe60c8b1cdac1c4c174f2fb180d0d758272d713/node
556      0.0      1.5      /home/kirti/.vscode-server/bin/4fe60c8b1cdac1c4c174f2fb180d0d758272d713/node
587      0.1      1.4      /home/kirti/.vscode-server/bin/4fe60c8b1cdac1c4c174f2fb180d0d758272d713/node

Health Monitor Checkup Completed
==================================================

        SYSPILOT HEALTH MONITOR REPORT            

==================================================

    DISK USAGE   

DISK_USAGE:1%
Status=OK
--------------------------------

    MEMORY USAGE   

Memory Usage: 18%
Status: OK
--------------------------------

   CPU USAGE   

CPU Usage: 4%
Status: OK
--------------------------------

    Top 5 Memory Processes      

PID      CPU%    MEM%    COMMAND
--------------------------------
691      2.9      3.9      /home/kirti/.vscode-server/bin/4fe60c8b1cdac1c4c174f2fb180d0d758272d713/node
536      0.5      2.5      /home/kirti/.vscode-server/bin/4fe60c8b1cdac1c4c174f2fb180d0d758272d713/node
610      0.2      1.9      /home/kirti/.vscode-server/bin/4fe60c8b1cdac1c4c174f2fb180d0d758272d713/node
556      0.0      1.5      /home/kirti/.vscode-server/bin/4fe60c8b1cdac1c4c174f2fb180d0d758272d713/node
587      0.1      1.4      /home/kirti/.vscode-server/bin/4fe60c8b1cdac1c4c174f2fb180d0d758272d713/node

Health Monitor Checkup Completed
==================================================

        SYSPILOT HEALTH MONITOR REPORT            

==================================================

    DISK USAGE   

DISK_USAGE:1%
Status=OK
--------------------------------

    MEMORY USAGE   

Memory Usage: 18%
Status: OK
--------------------------------

   CPU USAGE   

CPU Usage: 4%
Status: OK
--------------------------------

    Top 5 Memory Processes      

PID      CPU%    MEM%    COMMAND
--------------------------------
691      2.9      3.9      /home/kirti/.vscode-server/bin/4fe60c8b1cdac1c4c174f2fb180d0d758272d713/node
536      0.5      2.5      /home/kirti/.vscode-server/bin/4fe60c8b1cdac1c4c174f2fb180d0d758272d713/node
610      0.2      1.9      /home/kirti/.vscode-server/bin/4fe60c8b1cdac1c4c174f2fb180d0d758272d713/node
556      0.0      1.5      /home/kirti/.vscode-server/bin/4fe60c8b1cdac1c4c174f2fb180d0d758272d713/node
587      0.1      1.4      /home/kirti/.vscode-server/bin/4fe60c8b1cdac1c4c174f2fb180d0d758272d713/node

Health Monitor Checkup Completed
==================================================

        SYSPILOT HEALTH MONITOR REPORT            

==================================================

    DISK USAGE   

DISK_USAGE:1%
Status=OK
--------------------------------

    MEMORY USAGE   

Memory Usage: 18%
Status: OK
--------------------------------

   CPU USAGE   

CPU Usage: 4%
Status: OK
--------------------------------

    Top 5 Memory Processes      

PID      CPU%    MEM%    COMMAND
--------------------------------
691      2.9      3.9      /home/kirti/.vscode-server/bin/4fe60c8b1cdac1c4c174f2fb180d0d758272d713/node
536      0.5      2.5      /home/kirti/.vscode-server/bin/4fe60c8b1cdac1c4c174f2fb180d0d758272d713/node
610      0.2      1.9      /home/kirti/.vscode-server/bin/4fe60c8b1cdac1c4c174f2fb180d0d758272d713/node
556      0.0      1.5      /home/kirti/.vscode-server/bin/4fe60c8b1cdac1c4c174f2fb180d0d758272d713/node
587      0.1      1.4      /home/kirti/.vscode-server/bin/4fe60c8b1cdac1c4c174f2fb180d0d758272d713/node

Health Monitor Checkup Completed
==================================================

        SYSPILOT HEALTH MONITOR REPORT            

==================================================

    DISK USAGE   

DISK_USAGE:1%
Status=OK
--------------------------------

    MEMORY USAGE   

Memory Usage: 18%
Status: OK
--------------------------------

   CPU USAGE   

CPU Usage: 4%
Status: OK
--------------------------------

    Top 5 Memory Processes      

PID      CPU%    MEM%    COMMAND
--------------------------------
691      2.9      3.9      /home/kirti/.vscode-server/bin/4fe60c8b1cdac1c4c174f2fb180d0d758272d713/node
536      0.4      2.5      /home/kirti/.vscode-server/bin/4fe60c8b1cdac1c4c174f2fb180d0d758272d713/node
610      0.2      1.9      /home/kirti/.vscode-server/bin/4fe60c8b1cdac1c4c174f2fb180d0d758272d713/node
556      0.0      1.5      /home/kirti/.vscode-server/bin/4fe60c8b1cdac1c4c174f2fb180d0d758272d713/node
587      0.1      1.4      /home/kirti/.vscode-server/bin/4fe60c8b1cdac1c4c174f2fb180d0d758272d713/node

Health Monitor Checkup Completed
==================================================

        SYSPILOT HEALTH MONITOR REPORT            

==================================================

    DISK USAGE   

DISK_USAGE:1%
Status=OK
--------------------------------

    MEMORY USAGE   

Memory Usage: 18%
Status: OK
--------------------------------

   CPU USAGE   

CPU Usage: 4%
Status: OK
--------------------------------

    Top 5 Memory Processes      

PID      CPU%    MEM%    COMMAND
--------------------------------
691      2.9      3.9      /home/kirti/.vscode-server/bin/4fe60c8b1cdac1c4c174f2fb180d0d758272d713/node
536      0.4      2.5      /home/kirti/.vscode-server/bin/4fe60c8b1cdac1c4c174f2fb180d0d758272d713/node
610      0.2      1.9      /home/kirti/.vscode-server/bin/4fe60c8b1cdac1c4c174f2fb180d0d758272d713/node
556      0.0      1.5      /home/kirti/.vscode-server/bin/4fe60c8b1cdac1c4c174f2fb180d0d758272d713/node
587      0.1      1.4      /home/kirti/.vscode-server/bin/4fe60c8b1cdac1c4c174f2fb180d0d758272d713/node

Health Monitor Checkup Completed
==================================================

        SYSPILOT HEALTH MONITOR REPORT            

==================================================

    DISK USAGE   

DISK_USAGE:1%
Status=OK
--------------------------------

    MEMORY USAGE   

Memory Usage: 18%
Status: OK
--------------------------------

   CPU USAGE   

CPU Usage: 4%
Status: OK
--------------------------------

    Top 5 Memory Processes      

PID      CPU%    MEM%    COMMAND
--------------------------------
691      2.9      3.9      /home/kirti/.vscode-server/bin/4fe60c8b1cdac1c4c174f2fb180d0d758272d713/node
536      0.4      2.5      /home/kirti/.vscode-server/bin/4fe60c8b1cdac1c4c174f2fb180d0d758272d713/node
610      0.2      1.9      /home/kirti/.vscode-server/bin/4fe60c8b1cdac1c4c174f2fb180d0d758272d713/node
556      0.0      1.5      /home/kirti/.vscode-server/bin/4fe60c8b1cdac1c4c174f2fb180d0d758272d713/node
587      0.1      1.4      /home/kirti/.vscode-server/bin/4fe60c8b1cdac1c4c174f2fb180d0d758272d713/node

Health Monitor Checkup Completed
==================================================

        SYSPILOT HEALTH MONITOR REPORT            

==================================================

    DISK USAGE   

DISK_USAGE:1%
Status=OK
--------------------------------

    MEMORY USAGE   

Memory Usage: 18%
Status: OK
--------------------------------

   CPU USAGE   

CPU Usage: 4%
Status: OK
--------------------------------

    Top 5 Memory Processes      

PID      CPU%    MEM%    COMMAND
--------------------------------
691      2.9      3.9      /home/kirti/.vscode-server/bin/4fe60c8b1cdac1c4c174f2fb180d0d758272d713/node
536      0.4      2.5      /home/kirti/.vscode-server/bin/4fe60c8b1cdac1c4c174f2fb180d0d758272d713/node
610      0.2      1.9      /home/kirti/.vscode-server/bin/4fe60c8b1cdac1c4c174f2fb180d0d758272d713/node
556      0.0      1.5      /home/kirti/.vscode-server/bin/4fe60c8b1cdac1c4c174f2fb180d0d758272d713/node
587      0.1      1.4      /home/kirti/.vscode-server/bin/4fe60c8b1cdac1c4c174f2fb180d0d758272d713/node

Health Monitor Checkup Completed
==================================================

        SYSPILOT HEALTH MONITOR REPORT            

==================================================

    DISK USAGE   

DISK_USAGE:1%
Status=OK
--------------------------------

    MEMORY USAGE   

Memory Usage: 18%
Status: OK
--------------------------------

   CPU USAGE   

CPU Usage: 3%
Status: OK
--------------------------------

    Top 5 Memory Processes      

PID      CPU%    MEM%    COMMAND
--------------------------------
691      2.9      3.9      /home/kirti/.vscode-server/bin/4fe60c8b1cdac1c4c174f2fb180d0d758272d713/node
536      0.4      2.5      /home/kirti/.vscode-server/bin/4fe60c8b1cdac1c4c174f2fb180d0d758272d713/node
610      0.2      1.9      /home/kirti/.vscode-server/bin/4fe60c8b1cdac1c4c174f2fb180d0d758272d713/node
556      0.0      1.5      /home/kirti/.vscode-server/bin/4fe60c8b1cdac1c4c174f2fb180d0d758272d713/node
587      0.1      1.4      /home/kirti/.vscode-server/bin/4fe60c8b1cdac1c4c174f2fb180d0d758272d713/node

Health Monitor Checkup Completed
==================================================

        SYSPILOT HEALTH MONITOR REPORT            

==================================================

    DISK USAGE   

DISK_USAGE:1%
Status=OK
--------------------------------

    MEMORY USAGE   

Memory Usage: 18%
Status: OK
--------------------------------

   CPU USAGE   

CPU Usage: 3%
Status: OK
--------------------------------

    Top 5 Memory Processes      

PID      CPU%    MEM%    COMMAND
--------------------------------
691      2.8      3.9      /home/kirti/.vscode-server/bin/4fe60c8b1cdac1c4c174f2fb180d0d758272d713/node
536      0.4      2.5      /home/kirti/.vscode-server/bin/4fe60c8b1cdac1c4c174f2fb180d0d758272d713/node
610      0.2      1.9      /home/kirti/.vscode-server/bin/4fe60c8b1cdac1c4c174f2fb180d0d758272d713/node
556      0.0      1.5      /home/kirti/.vscode-server/bin/4fe60c8b1cdac1c4c174f2fb180d0d758272d713/node
587      0.1      1.4      /home/kirti/.vscode-server/bin/4fe60c8b1cdac1c4c174f2fb180d0d758272d713/node

Health Monitor Checkup Completed
==================================================

        SYSPILOT HEALTH MONITOR REPORT            

==================================================

    DISK USAGE   

DISK_USAGE:1%
Status=OK
--------------------------------

    MEMORY USAGE   

Memory Usage: 18%
Status: OK
--------------------------------

   CPU USAGE   

CPU Usage: 3%
Status: OK
--------------------------------

    Top 5 Memory Processes      

PID      CPU%    MEM%    COMMAND
--------------------------------
691      2.8      3.9      /home/kirti/.vscode-server/bin/4fe60c8b1cdac1c4c174f2fb180d0d758272d713/node
536      0.4      2.6      /home/kirti/.vscode-server/bin/4fe60c8b1cdac1c4c174f2fb180d0d758272d713/node
610      0.2      1.9      /home/kirti/.vscode-server/bin/4fe60c8b1cdac1c4c174f2fb180d0d758272d713/node
556      0.0      1.5      /home/kirti/.vscode-server/bin/4fe60c8b1cdac1c4c174f2fb180d0d758272d713/node
587      0.1      1.4      /home/kirti/.vscode-server/bin/4fe60c8b1cdac1c4c174f2fb180d0d758272d713/node

Health Monitor Checkup Completed
==================================================

        SYSPILOT HEALTH MONITOR REPORT            

==================================================

    DISK USAGE   

DISK_USAGE:1%
Status=OK
--------------------------------

    MEMORY USAGE   

Memory Usage: 18%
Status: OK
--------------------------------

   CPU USAGE   

CPU Usage: 3%
Status: OK
--------------------------------

    Top 5 Memory Processes      

PID      CPU%    MEM%    COMMAND
--------------------------------
691      2.8      3.9      /home/kirti/.vscode-server/bin/4fe60c8b1cdac1c4c174f2fb180d0d758272d713/node
536      0.4      2.6      /home/kirti/.vscode-server/bin/4fe60c8b1cdac1c4c174f2fb180d0d758272d713/node
610      0.2      1.9      /home/kirti/.vscode-server/bin/4fe60c8b1cdac1c4c174f2fb180d0d758272d713/node
556      0.0      1.5      /home/kirti/.vscode-server/bin/4fe60c8b1cdac1c4c174f2fb180d0d758272d713/node
587      0.1      1.4      /home/kirti/.vscode-server/bin/4fe60c8b1cdac1c4c174f2fb180d0d758272d713/node

Health Monitor Checkup Completed
==================================================

        SYSPILOT HEALTH MONITOR REPORT            

==================================================

    DISK USAGE   

DISK_USAGE:1%
Status=OK
--------------------------------

    MEMORY USAGE   

Memory Usage: 18%
Status: OK
--------------------------------

   CPU USAGE   

CPU Usage: 3%
Status: OK
--------------------------------

    Top 5 Memory Processes      

PID      CPU%    MEM%    COMMAND
--------------------------------
691      2.8      3.9      /home/kirti/.vscode-server/bin/4fe60c8b1cdac1c4c174f2fb180d0d758272d713/node
536      0.4      2.6      /home/kirti/.vscode-server/bin/4fe60c8b1cdac1c4c174f2fb180d0d758272d713/node
610      0.2      1.9      /home/kirti/.vscode-server/bin/4fe60c8b1cdac1c4c174f2fb180d0d758272d713/node
556      0.0      1.5      /home/kirti/.vscode-server/bin/4fe60c8b1cdac1c4c174f2fb180d0d758272d713/node
587      0.1      1.4      /home/kirti/.vscode-server/bin/4fe60c8b1cdac1c4c174f2fb180d0d758272d713/node

Health Monitor Checkup Completed
==================================================

        SYSPILOT HEALTH MONITOR REPORT            

==================================================

    DISK USAGE   

DISK_USAGE:1%
Status=OK
--------------------------------

    MEMORY USAGE   

Memory Usage: 18%
Status: OK
--------------------------------

   CPU USAGE   

CPU Usage: 3%
Status: OK
--------------------------------

    Top 5 Memory Processes      

PID      CPU%    MEM%    COMMAND
--------------------------------
691      2.8      3.9      /home/kirti/.vscode-server/bin/4fe60c8b1cdac1c4c174f2fb180d0d758272d713/node
536      0.3      2.6      /home/kirti/.vscode-server/bin/4fe60c8b1cdac1c4c174f2fb180d0d758272d713/node
610      0.2      1.9      /home/kirti/.vscode-server/bin/4fe60c8b1cdac1c4c174f2fb180d0d758272d713/node
556      0.0      1.5      /home/kirti/.vscode-server/bin/4fe60c8b1cdac1c4c174f2fb180d0d758272d713/node
587      0.1      1.4      /home/kirti/.vscode-server/bin/4fe60c8b1cdac1c4c174f2fb180d0d758272d713/node

Health Monitor Checkup Completed
==================================================

        SYSPILOT HEALTH MONITOR REPORT            

==================================================

    DISK USAGE   

DISK_USAGE:1%
Status=OK
--------------------------------

    MEMORY USAGE   

Memory Usage: 18%
Status: OK
--------------------------------

   CPU USAGE   

CPU Usage: 3%
Status: OK
--------------------------------

    Top 5 Memory Processes      

PID      CPU%    MEM%    COMMAND
--------------------------------
691      2.8      3.9      /home/kirti/.vscode-server/bin/4fe60c8b1cdac1c4c174f2fb180d0d758272d713/node
536      0.3      2.6      /home/kirti/.vscode-server/bin/4fe60c8b1cdac1c4c174f2fb180d0d758272d713/node
610      0.2      1.9      /home/kirti/.vscode-server/bin/4fe60c8b1cdac1c4c174f2fb180d0d758272d713/node
556      0.0      1.5      /home/kirti/.vscode-server/bin/4fe60c8b1cdac1c4c174f2fb180d0d758272d713/node
587      0.1      1.4      /home/kirti/.vscode-server/bin/4fe60c8b1cdac1c4c174f2fb180d0d758272d713/node

Health Monitor Checkup Completed
==================================================

        SYSPILOT HEALTH MONITOR REPORT            

==================================================

    DISK USAGE   

DISK_USAGE:1%
Status=OK
--------------------------------

    MEMORY USAGE   

Memory Usage: 18%
Status: OK
--------------------------------

   CPU USAGE   

CPU Usage: 3%
Status: OK
--------------------------------

    Top 5 Memory Processes      

PID      CPU%    MEM%    COMMAND
--------------------------------
691      2.8      3.9      /home/kirti/.vscode-server/bin/4fe60c8b1cdac1c4c174f2fb180d0d758272d713/node
536      0.3      2.6      /home/kirti/.vscode-server/bin/4fe60c8b1cdac1c4c174f2fb180d0d758272d713/node
610      0.2      1.9      /home/kirti/.vscode-server/bin/4fe60c8b1cdac1c4c174f2fb180d0d758272d713/node
556      0.0      1.5      /home/kirti/.vscode-server/bin/4fe60c8b1cdac1c4c174f2fb180d0d758272d713/node
587      0.1      1.4      /home/kirti/.vscode-server/bin/4fe60c8b1cdac1c4c174f2fb180d0d758272d713/node

Health Monitor Checkup Completed
==================================================

        SYSPILOT HEALTH MONITOR REPORT            

==================================================

    DISK USAGE   

DISK_USAGE:1%
Status=OK
--------------------------------

    MEMORY USAGE   

Memory Usage: 18%
Status: OK
--------------------------------

   CPU USAGE   

CPU Usage: 3%
Status: OK
--------------------------------

    Top 5 Memory Processes      

PID      CPU%    MEM%    COMMAND
--------------------------------
691      2.8      3.9      /home/kirti/.vscode-server/bin/4fe60c8b1cdac1c4c174f2fb180d0d758272d713/node
536      0.3      2.6      /home/kirti/.vscode-server/bin/4fe60c8b1cdac1c4c174f2fb180d0d758272d713/node
610      0.2      1.9      /home/kirti/.vscode-server/bin/4fe60c8b1cdac1c4c174f2fb180d0d758272d713/node
556      0.0      1.5      /home/kirti/.vscode-server/bin/4fe60c8b1cdac1c4c174f2fb180d0d758272d713/node
587      0.1      1.4      /home/kirti/.vscode-server/bin/4fe60c8b1cdac1c4c174f2fb180d0d758272d713/node

Health Monitor Checkup Completed
==================================================

        SYSPILOT HEALTH MONITOR REPORT            

==================================================

    DISK USAGE   

DISK_USAGE:1%
Status=OK
--------------------------------

    MEMORY USAGE   

Memory Usage: 18%
Status: OK
--------------------------------

   CPU USAGE   

CPU Usage: 3%
Status: OK
--------------------------------

    Top 5 Memory Processes      

PID      CPU%    MEM%    COMMAND
--------------------------------
691      2.8      3.9      /home/kirti/.vscode-server/bin/4fe60c8b1cdac1c4c174f2fb180d0d758272d713/node
536      0.3      2.6      /home/kirti/.vscode-server/bin/4fe60c8b1cdac1c4c174f2fb180d0d758272d713/node
610      0.2      1.9      /home/kirti/.vscode-server/bin/4fe60c8b1cdac1c4c174f2fb180d0d758272d713/node
556      0.0      1.5      /home/kirti/.vscode-server/bin/4fe60c8b1cdac1c4c174f2fb180d0d758272d713/node
587      0.1      1.4      /home/kirti/.vscode-server/bin/4fe60c8b1cdac1c4c174f2fb180d0d758272d713/node

Health Monitor Checkup Completed
==================================================

        SYSPILOT HEALTH MONITOR REPORT            

==================================================

    DISK USAGE   

DISK_USAGE:1%
Status=OK
--------------------------------

    MEMORY USAGE   

Memory Usage: 18%
Status: OK
--------------------------------

   CPU USAGE   

CPU Usage: 3%
Status: OK
--------------------------------

    Top 5 Memory Processes      

PID      CPU%    MEM%    COMMAND
--------------------------------
691      2.8      3.9      /home/kirti/.vscode-server/bin/4fe60c8b1cdac1c4c174f2fb180d0d758272d713/node
536      0.3      2.6      /home/kirti/.vscode-server/bin/4fe60c8b1cdac1c4c174f2fb180d0d758272d713/node
610      0.2      2.0      /home/kirti/.vscode-server/bin/4fe60c8b1cdac1c4c174f2fb180d0d758272d713/node
556      0.0      1.5      /home/kirti/.vscode-server/bin/4fe60c8b1cdac1c4c174f2fb180d0d758272d713/node
587      0.1      1.4      /home/kirti/.vscode-server/bin/4fe60c8b1cdac1c4c174f2fb180d0d758272d713/node

Health Monitor Checkup Completed
==================================================

        SYSPILOT HEALTH MONITOR REPORT            

==================================================

    DISK USAGE   

DISK_USAGE:1%
Status=OK
--------------------------------

    MEMORY USAGE   

Memory Usage: 19%
Status: OK
--------------------------------

   CPU USAGE   

CPU Usage: 3%
Status: OK
--------------------------------

    Top 5 Memory Processes      

PID      CPU%    MEM%    COMMAND
--------------------------------
691      2.8      3.9      /home/kirti/.vscode-server/bin/4fe60c8b1cdac1c4c174f2fb180d0d758272d713/node
536      0.3      2.6      /home/kirti/.vscode-server/bin/4fe60c8b1cdac1c4c174f2fb180d0d758272d713/node
610      0.2      1.9      /home/kirti/.vscode-server/bin/4fe60c8b1cdac1c4c174f2fb180d0d758272d713/node
556      0.0      1.5      /home/kirti/.vscode-server/bin/4fe60c8b1cdac1c4c174f2fb180d0d758272d713/node
587      0.1      1.4      /home/kirti/.vscode-server/bin/4fe60c8b1cdac1c4c174f2fb180d0d758272d713/node

Health Monitor Checkup Completed
==================================================

        SYSPILOT HEALTH MONITOR REPORT            

==================================================

    DISK USAGE   

DISK_USAGE:1%
Status=OK
--------------------------------

    MEMORY USAGE   

Memory Usage: 18%
Status: OK
--------------------------------

   CPU USAGE   

CPU Usage: 3%
Status: OK
--------------------------------

    Top 5 Memory Processes      

PID      CPU%    MEM%    COMMAND
--------------------------------
691      2.8      3.9      /home/kirti/.vscode-server/bin/4fe60c8b1cdac1c4c174f2fb180d0d758272d713/node
536      0.3      2.6      /home/kirti/.vscode-server/bin/4fe60c8b1cdac1c4c174f2fb180d0d758272d713/node
610      0.2      2.0      /home/kirti/.vscode-server/bin/4fe60c8b1cdac1c4c174f2fb180d0d758272d713/node
556      0.0      1.5      /home/kirti/.vscode-server/bin/4fe60c8b1cdac1c4c174f2fb180d0d758272d713/node
587      0.1      1.4      /home/kirti/.vscode-server/bin/4fe60c8b1cdac1c4c174f2fb180d0d758272d713/node

Health Monitor Checkup Completed
==================================================

        SYSPILOT HEALTH MONITOR REPORT            

==================================================

    DISK USAGE   

DISK_USAGE:1%
Status=OK
--------------------------------

    MEMORY USAGE   

Memory Usage: 18%
Status: OK
--------------------------------

   CPU USAGE   

CPU Usage: 17%
Status: OK
--------------------------------

    Top 5 Memory Processes      

PID      CPU%    MEM%    COMMAND
--------------------------------
723      7.1      3.2      /home/kirti/.vscode-server/bin/5264f2156cbcd7aea5fd004d29eaa10209155d66/node
658      6.0      2.6      /home/kirti/.vscode-server/bin/5264f2156cbcd7aea5fd004d29eaa10209155d66/node
730      0.9      1.8      /home/kirti/.vscode-server/bin/5264f2156cbcd7aea5fd004d29eaa10209155d66/node
672      0.5      1.5      /home/kirti/.vscode-server/bin/5264f2156cbcd7aea5fd004d29eaa10209155d66/node
741      0.3      1.4      /home/kirti/.vscode-server/bin/5264f2156cbcd7aea5fd004d29eaa10209155d66/node

Health Monitor Checkup Completed
==================================================

        SYSPILOT HEALTH MONITOR REPORT            

==================================================

    DISK USAGE   

DISK_USAGE:1%
Status=OK
--------------------------------

    MEMORY USAGE   

Memory Usage: 18%
Status: OK
--------------------------------

   CPU USAGE   

CPU Usage: 11%
Status: OK
--------------------------------

    Top 5 Memory Processes      

PID      CPU%    MEM%    COMMAND
--------------------------------
723      4.7      3.4      /home/kirti/.vscode-server/bin/5264f2156cbcd7aea5fd004d29eaa10209155d66/node
658      2.8      2.6      /home/kirti/.vscode-server/bin/5264f2156cbcd7aea5fd004d29eaa10209155d66/node
730      0.6      1.8      /home/kirti/.vscode-server/bin/5264f2156cbcd7aea5fd004d29eaa10209155d66/node
672      0.3      1.5      /home/kirti/.vscode-server/bin/5264f2156cbcd7aea5fd004d29eaa10209155d66/node
741      0.1      1.4      /home/kirti/.vscode-server/bin/5264f2156cbcd7aea5fd004d29eaa10209155d66/node

Health Monitor Checkup Completed
==================================================

        SYSPILOT HEALTH MONITOR REPORT            

==================================================

    DISK USAGE   

DISK_USAGE:1%
Status=OK
--------------------------------

    MEMORY USAGE   

Memory Usage: 18%
Status: OK
--------------------------------

   CPU USAGE   

CPU Usage: 8%
Status: OK
--------------------------------

    Top 5 Memory Processes      

PID      CPU%    MEM%    COMMAND
--------------------------------
723      4.0      3.5      /home/kirti/.vscode-server/bin/5264f2156cbcd7aea5fd004d29eaa10209155d66/node
658      1.9      2.6      /home/kirti/.vscode-server/bin/5264f2156cbcd7aea5fd004d29eaa10209155d66/node
730      0.6      1.9      /home/kirti/.vscode-server/bin/5264f2156cbcd7aea5fd004d29eaa10209155d66/node
672      0.2      1.5      /home/kirti/.vscode-server/bin/5264f2156cbcd7aea5fd004d29eaa10209155d66/node
741      0.1      1.4      /home/kirti/.vscode-server/bin/5264f2156cbcd7aea5fd004d29eaa10209155d66/node

Health Monitor Checkup Completed
