OK
OK
OK
OK
OK
OK
OK
OK
2026-07-12 12:02:56 [WARN] 1% THRESHOLD 80
2026-07-12 12:03:30 [WARN] 1% THRESHOLD 80
2026-07-12 12:26:43 [OK] 1% THRESHOLD 80
2026-07-12 18:22:03 [OK] 1% THRESHOLD 80
2026-07-12 06:24:42 PM [OK] 1% THRESHOLD 80
2026-07-12 06:52:37 PM [OK] 1% THRESHOLD ../config/syspilot.conf
2026-07-12 07:04:40 PM [OK] 1% THRESHOLD source../config/syspilot.conf
2026-07-12 07:09:50 PM [OK] 1% THRESHOLD 80
2026-07-12 07:26:50 PM [OK] 1% THRESHOLD 80
2026-07-12 08:55:55 PM [OK] 1% THRESHOLD 80
2026-07-12 08:56:24 PM [OK] 1% THRESHOLD 80
2026-07-12 08:58:17 PM [OK] 1% THRESHOLD 80
2026-07-12 08:58:49 PM [OK] 1% THRESHOLD 80
2026-07-12 08:59:07 PM [OK] 1% THRESHOLD 80
2026-07-12 08:59:25 PM [OK] 1% THRESHOLD 80
2026-07-12 09:01:24 PM [OK] 1% THRESHOLD 80
2026-07-12 09:02:50 PM [OK] 1% THRESHOLD 80
2026-07-12 09:03:47 PM [OK] 1% THRESHOLD 80
2026-07-12 09:03:58 PM [OK] 1% THRESHOLD 80
2026-07-12 09:04:41 PM [OK] 1% THRESHOLD 80
2026-07-12 09:05:07 PM [OK] 1% THRESHOLD 80
2026-07-12 09:08:47 PM [OK] 1% THRESHOLD 80
2026-07-12 09:12:50 PM [OK] 1% THRESHOLD 80
2026-07-12 09:13:19 PM [OK] 1% THRESHOLD 80
2026-07-12 09:13:37 PM [OK] 1% THRESHOLD 80
2026-07-12 09:14:11 PM [OK] 1% THRESHOLD 80
2026-07-12 09:18:50 PM [OK] Disk Usage: 1% THRESHOLD 80
2026-07-12 09:18:50 PM [OK] Memory Usage 28% exceeds Threshold 85%
2026-07-12 09:21:48 PM [OK] Disk Usage 1% exceeds Threshold 80%
2026-07-12 09:21:48 PM [OK] Memory Usage 28% exceeds Threshold 85%
2026-07-12 09:36:07 PM [OK] Disk Usage 1% | Threshold 80%
2026-07-12 09:36:08 PM [OK] Memory Usage 28% | Threshold 85%
2026-07-12 09:38:49 PM [OK] Disk Usage 1% | Threshold 80%
2026-07-12 09:38:49 PM [OK] Memory Usage 28% | Threshold 85%
2026-07-12 10:08:40 PM [OK] Disk Usage 1% | Threshold 80%
2026-07-12 10:08:40 PM [OK] Memory Usage 28% | Threshold 85%
2026-07-12 10:08:40 PM [WARN] CPU Usage 5% | Threshold 90%
2026-07-12 10:09:34 PM [OK] Disk Usage 1% | Threshold 80%
2026-07-12 10:09:34 PM [OK] Memory Usage 28% | Threshold 85%
2026-07-12 10:09:34 PM [WARN] CPU Usage 5% | Threshold 90%
2026-07-12 10:25:06 PM [OK] Disk Usage 1% | Threshold 80%
2026-07-12 10:25:06 PM [OK] Memory Usage 28% | Threshold 85%
2026-07-12 10:25:27 PM [OK] Disk Usage 1% | Threshold 80%
2026-07-12 10:25:27 PM [OK] Memory Usage 28% | Threshold 85%
2026-07-12 10:26:13 PM [OK] Disk Usage 1% | Threshold 80%
2026-07-12 10:26:13 PM [OK] Memory Usage 28% | Threshold 85%
2026-07-12 10:32:29 PM [OK] Disk Usage 1% | Threshold 80%
2026-07-12 10:32:29 PM [OK] Memory Usage 28% | Threshold 85%
2026-07-12 10:32:48 PM [OK] Disk Usage 1% | Threshold 80%
2026-07-12 10:32:48 PM [OK] Memory Usage 28% | Threshold 85%
2026-07-12 10:33:01 PM [OK] Disk Usage 1% | Threshold 80%
2026-07-12 10:33:01 PM [OK] Memory Usage 28% | Threshold 85%
2026-07-12 10:35:25 PM [OK] Disk Usage 1% | Threshold 80%
2026-07-12 10:35:25 PM [OK] Memory Usage 28% | Threshold 85%
2026-07-12 10:36:44 PM [OK] Disk Usage 1% | Threshold 80%
2026-07-12 10:36:44 PM [OK] Memory Usage 28% | Threshold 85%
2026-07-12 10:38:10 PM [OK] Disk Usage 1% | Threshold 80%
2026-07-12 10:38:10 PM [OK] Memory Usage 28% | Threshold 85%
2026-07-12 10:38:20 PM [OK] Disk Usage 1% | Threshold 80%
2026-07-12 10:38:20 PM [OK] Memory Usage 28% | Threshold 85%
2026-07-12 10:39:44 PM [OK] Disk Usage 1% | Threshold 80%
2026-07-12 10:39:44 PM [OK] Memory Usage 28% | Threshold 85%
2026-07-12 10:40:14 PM [OK] Disk Usage 1% | Threshold 80%
2026-07-12 10:40:14 PM [OK] Memory Usage 28% | Threshold 85%
2026-07-12 10:40:37 PM [OK] Disk Usage 1% | Threshold 80%
2026-07-12 10:40:37 PM [OK] Memory Usage 28% | Threshold 85%
2026-07-12 10:41:13 PM [OK] Disk Usage 1% | Threshold 80%
2026-07-12 10:41:13 PM [OK] Memory Usage 28% | Threshold 85%
2026-07-12 10:46:00 PM [OK] Disk Usage 1% | Threshold 80%
2026-07-12 10:46:00 PM [OK] Memory Usage 28% | Threshold 85%
2026-07-12 10:53:24 PM [OK] Disk Usage 1% | Threshold 80%
2026-07-12 10:53:24 PM [OK] Memory Usage 28% | Threshold 85%
2026-07-12 10:57:08 PM [OK] Disk Usage 1% | Threshold 80%
2026-07-12 10:57:08 PM [OK] Memory Usage 28% | Threshold 85%
2026-07-12 10:57:08 PM [OK] CPU Usage 5% | Threshold 90%
2026-07-12 10:59:05 PM [OK] Disk Usage 1% | Threshold 80%
2026-07-12 10:59:05 PM [OK] Memory Usage 28% | Threshold 85%
2026-07-12 10:59:05 PM [OK] CPU Usage 5% | Threshold 90%
2026-07-12 11:00:03 PM [OK] Disk Usage 1% | Threshold 80%
2026-07-12 11:00:03 PM [OK] Memory Usage 28% | Threshold 85%
2026-07-12 11:00:03 PM [OK] CPU Usage 5% | Threshold 90%
2026-07-12 11:03:13 PM [OK] Disk Usage 1% | Threshold 80%
2026-07-12 11:03:13 PM [OK] Memory Usage 28% | Threshold 85%
2026-07-12 11:03:13 PM [OK] CPU Usage 5% | Threshold 90%
2026-07-12 11:20:01 PM [OK] Disk Usage 1% | Threshold 80%
2026-07-12 11:20:01 PM [OK] Memory Usage 29% | Threshold 85%
2026-07-12 11:20:01 PM [OK] CPU Usage 5% | Threshold 90%
2026-07-12 11:25:01 PM [OK] Disk Usage 1% | Threshold 80%
2026-07-12 11:25:01 PM [OK] Memory Usage 29% | Threshold 85%
2026-07-12 11:25:01 PM [OK] CPU Usage 5% | Threshold 90%
2026-07-12 11:30:01 PM [OK] Disk Usage 1% | Threshold 80%
2026-07-12 11:30:01 PM [OK] Memory Usage 29% | Threshold 85%
2026-07-12 11:30:01 PM [OK] CPU Usage 5% | Threshold 90%
2026-07-12 11:35:01 PM [OK] Disk Usage 1% | Threshold 80%
2026-07-12 11:35:01 PM [OK] Memory Usage 29% | Threshold 85%
2026-07-12 11:35:01 PM [OK] CPU Usage 5% | Threshold 90%
2026-07-12 11:40:01 PM [OK] Disk Usage 1% | Threshold 80%
2026-07-12 11:40:01 PM [OK] Memory Usage 28% | Threshold 85%
2026-07-12 11:40:01 PM [OK] CPU Usage 5% | Threshold 90%
2026-07-13 10:30:02 PM [OK] Disk Usage 1% | Threshold 80%
2026-07-13 10:30:02 PM [OK] Memory Usage 22% | Threshold 85%
2026-07-13 10:30:02 PM [OK] CPU Usage 42% | Threshold 90%
2026-07-13 10:35:01 PM [OK] Disk Usage 1% | Threshold 80%
2026-07-13 10:35:01 PM [OK] Memory Usage 20% | Threshold 85%
2026-07-13 10:35:01 PM [OK] CPU Usage 10% | Threshold 90%
2026-07-13 10:40:01 PM [OK] Disk Usage 1% | Threshold 80%
2026-07-13 10:40:01 PM [OK] Memory Usage 20% | Threshold 85%
2026-07-13 10:40:01 PM [OK] CPU Usage 7% | Threshold 90%
2026-07-13 10:45:01 PM [OK] Disk Usage 1% | Threshold 80%
2026-07-13 10:45:01 PM [OK] Memory Usage 20% | Threshold 85%
2026-07-13 10:45:01 PM [OK] CPU Usage 5% | Threshold 90%
2026-07-13 10:50:01 PM [OK] Disk Usage 1% | Threshold 80%
2026-07-13 10:50:01 PM [OK] Memory Usage 20% | Threshold 85%
2026-07-13 10:50:01 PM [OK] CPU Usage 5% | Threshold 90%
2026-07-13 10:55:02 PM [OK] Disk Usage 1% | Threshold 80%
2026-07-13 10:55:02 PM [OK] Memory Usage 20% | Threshold 85%
2026-07-13 10:55:02 PM [OK] CPU Usage 4% | Threshold 90%
2026-07-13 11:00:01 PM [OK] Disk Usage 1% | Threshold 80%
2026-07-13 11:00:01 PM [OK] Memory Usage 20% | Threshold 85%
2026-07-13 11:00:01 PM [OK] CPU Usage 4% | Threshold 90%
2026-07-13 11:05:01 PM [OK] Disk Usage 1% | Threshold 80%
2026-07-13 11:05:01 PM [OK] Memory Usage 20% | Threshold 85%
2026-07-13 11:05:01 PM [OK] CPU Usage 4% | Threshold 90%
2026-07-13 11:10:01 PM [OK] Disk Usage 1% | Threshold 80%
2026-07-13 11:10:01 PM [OK] Memory Usage 20% | Threshold 85%
2026-07-13 11:10:01 PM [OK] CPU Usage 4% | Threshold 90%
2026-07-13 11:15:01 PM [OK] Disk Usage 1% | Threshold 80%
2026-07-13 11:15:01 PM [OK] Memory Usage 23% | Threshold 85%
2026-07-13 11:15:01 PM [OK] CPU Usage 4% | Threshold 90%
2026-07-13 11:20:01 PM [OK] Disk Usage 1% | Threshold 80%
2026-07-13 11:20:01 PM [OK] Memory Usage 23% | Threshold 85%
2026-07-13 11:20:01 PM [OK] CPU Usage 7% | Threshold 90%
2026-07-13 11:25:01 PM [OK] Disk Usage 1% | Threshold 80%
2026-07-13 11:25:01 PM [OK] Memory Usage 21% | Threshold 85%
2026-07-13 11:25:01 PM [OK] CPU Usage 6% | Threshold 90%
2026-07-13 11:30:01 PM [OK] Disk Usage 1% | Threshold 80%
2026-07-13 11:30:01 PM [OK] Memory Usage 21% | Threshold 85%
2026-07-13 11:30:01 PM [OK] CPU Usage 6% | Threshold 90%
2026-07-13 11:35:01 PM [OK] Disk Usage 1% | Threshold 80%
2026-07-13 11:35:01 PM [OK] Memory Usage 21% | Threshold 85%
2026-07-13 11:35:01 PM [OK] CPU Usage 6% | Threshold 90%
2026-07-13 11:40:01 PM [OK] Disk Usage 1% | Threshold 80%
2026-07-13 11:40:01 PM [OK] Memory Usage 21% | Threshold 85%
2026-07-13 11:40:01 PM [OK] CPU Usage 6% | Threshold 90%
2026-07-13 11:45:01 PM [OK] Disk Usage 1% | Threshold 80%
2026-07-13 11:45:01 PM [OK] Memory Usage 21% | Threshold 85%
2026-07-13 11:45:01 PM [OK] CPU Usage 5% | Threshold 90%
2026-07-13 11:50:01 PM [OK] Disk Usage 1% | Threshold 80%
2026-07-13 11:50:01 PM [OK] Memory Usage 21% | Threshold 85%
2026-07-13 11:50:01 PM [OK] CPU Usage 5% | Threshold 90%
2026-07-13 11:55:01 PM [OK] Disk Usage 1% | Threshold 80%
2026-07-13 11:55:01 PM [OK] Memory Usage 21% | Threshold 85%
2026-07-13 11:55:01 PM [OK] CPU Usage 5% | Threshold 90%
2026-07-14 12:00:01 AM [OK] Disk Usage 1% | Threshold 80%
2026-07-14 12:00:01 AM [OK] Memory Usage 21% | Threshold 85%
2026-07-14 12:00:01 AM [OK] CPU Usage 5% | Threshold 90%
2026-07-14 12:05:01 AM [OK] Disk Usage 1% | Threshold 80%
2026-07-14 12:05:01 AM [OK] Memory Usage 21% | Threshold 85%
2026-07-14 12:05:01 AM [OK] CPU Usage 5% | Threshold 90%
2026-07-14 12:10:01 AM [OK] Disk Usage 1% | Threshold 80%
2026-07-14 12:10:01 AM [OK] Memory Usage 21% | Threshold 85%
2026-07-14 12:10:01 AM [OK] CPU Usage 5% | Threshold 90%
2026-07-14 12:15:01 AM [OK] Disk Usage 1% | Threshold 80%
2026-07-14 12:15:01 AM [OK] Memory Usage 21% | Threshold 85%
2026-07-14 12:15:01 AM [OK] CPU Usage 5% | Threshold 90%
2026-07-14 12:20:02 AM [OK] Disk Usage 1% | Threshold 80%
2026-07-14 12:20:02 AM [OK] Memory Usage 13% | Threshold 85%
2026-07-14 12:20:02 AM [OK] CPU Usage 5% | Threshold 90%
2026-07-14 10:15:01 PM [OK] Disk Usage 1% | Threshold 80%
2026-07-14 10:15:01 PM [OK] Memory Usage 19% | Threshold 85%
2026-07-14 10:15:01 PM [OK] CPU Usage 22% | Threshold 90%
2026-07-14 10:20:01 PM [OK] Disk Usage 1% | Threshold 80%
2026-07-14 10:20:01 PM [OK] Memory Usage 18% | Threshold 85%
2026-07-14 10:20:01 PM [OK] CPU Usage 11% | Threshold 90%
2026-07-14 10:25:01 PM [OK] Disk Usage 1% | Threshold 80%
2026-07-14 10:25:01 PM [OK] Memory Usage 18% | Threshold 85%
2026-07-14 10:25:01 PM [OK] CPU Usage 8% | Threshold 90%
2026-07-14 10:30:02 PM [OK] Disk Usage 1% | Threshold 80%
2026-07-14 10:30:02 PM [OK] Memory Usage 18% | Threshold 85%
2026-07-14 10:30:02 PM [OK] CPU Usage 6% | Threshold 90%
2026-07-14 10:35:02 PM [OK] Disk Usage 1% | Threshold 80%
2026-07-14 10:35:02 PM [OK] Memory Usage 18% | Threshold 85%
2026-07-14 10:35:02 PM [OK] CPU Usage 5% | Threshold 90%
2026-07-14 10:40:01 PM [OK] Disk Usage 1% | Threshold 80%
2026-07-14 10:40:01 PM [OK] Memory Usage 18% | Threshold 85%
2026-07-14 10:40:01 PM [OK] CPU Usage 5% | Threshold 90%
2026-07-14 10:45:01 PM [OK] Disk Usage 1% | Threshold 80%
2026-07-14 10:45:01 PM [OK] Memory Usage 18% | Threshold 85%
2026-07-14 10:45:01 PM [OK] CPU Usage 5% | Threshold 90%
2026-07-14 10:50:01 PM [OK] Disk Usage 1% | Threshold 80%
2026-07-14 10:50:01 PM [OK] Memory Usage 20% | Threshold 85%
2026-07-14 10:50:01 PM [OK] CPU Usage 5% | Threshold 90%
2026-07-14 10:55:01 PM [OK] Disk Usage 1% | Threshold 80%
2026-07-14 10:55:01 PM [OK] Memory Usage 20% | Threshold 85%
2026-07-14 10:55:01 PM [OK] CPU Usage 4% | Threshold 90%
2026-07-14 11:00:01 PM [OK] Disk Usage 1% | Threshold 80%
2026-07-14 11:00:01 PM [OK] Memory Usage 19% | Threshold 85%
2026-07-14 11:00:01 PM [OK] CPU Usage 4% | Threshold 90%
2026-07-14 11:05:01 PM [OK] Disk Usage 1% | Threshold 80%
2026-07-14 11:05:01 PM [OK] Memory Usage 21% | Threshold 85%
2026-07-14 11:05:01 PM [OK] CPU Usage 4% | Threshold 90%
2026-07-14 11:10:01 PM [OK] Disk Usage 1% | Threshold 80%
2026-07-14 11:10:01 PM [OK] Memory Usage 21% | Threshold 85%
2026-07-14 11:10:01 PM [OK] CPU Usage 4% | Threshold 90%
2026-07-14 11:15:01 PM [OK] Disk Usage 1% | Threshold 80%
2026-07-14 11:15:01 PM [OK] Memory Usage 21% | Threshold 85%
2026-07-14 11:15:01 PM [OK] CPU Usage 4% | Threshold 90%
2026-07-14 11:20:01 PM [OK] Disk Usage 1% | Threshold 80%
2026-07-14 11:20:01 PM [OK] Memory Usage 21% | Threshold 85%
2026-07-14 11:20:01 PM [OK] CPU Usage 4% | Threshold 90%
2026-07-15 08:35:03 PM [OK] Disk Usage 1% | Threshold 80%
2026-07-15 08:35:03 PM [OK] Memory Usage 20% | Threshold 85%
2026-07-15 08:35:03 PM [OK] CPU Usage 40% | Threshold 90%
2026-07-15 08:40:01 PM [OK] Disk Usage 1% | Threshold 80%
2026-07-15 08:40:01 PM [OK] Memory Usage 17% | Threshold 85%
2026-07-15 08:40:01 PM [OK] CPU Usage 15% | Threshold 90%
2026-07-15 08:45:01 PM [OK] Disk Usage 1% | Threshold 80%
2026-07-15 08:45:01 PM [OK] Memory Usage 17% | Threshold 85%
2026-07-15 08:45:01 PM [OK] CPU Usage 10% | Threshold 90%
2026-07-15 08:50:02 PM [OK] Disk Usage 1% | Threshold 80%
2026-07-15 08:50:02 PM [OK] Memory Usage 17% | Threshold 85%
2026-07-15 08:50:02 PM [OK] CPU Usage 8% | Threshold 90%
2026-07-15 08:55:02 PM [OK] Disk Usage 1% | Threshold 80%
2026-07-15 08:55:02 PM [OK] Memory Usage 17% | Threshold 85%
2026-07-15 08:55:02 PM [OK] CPU Usage 6% | Threshold 90%
2026-07-15 09:00:01 PM [OK] Disk Usage 1% | Threshold 80%
2026-07-15 09:00:02 PM [OK] Memory Usage 17% | Threshold 85%
2026-07-15 09:00:02 PM [OK] CPU Usage 6% | Threshold 90%
2026-07-15 09:05:03 PM [OK] Disk Usage 1% | Threshold 80%
2026-07-15 09:05:03 PM [OK] Memory Usage 17% | Threshold 85%
2026-07-15 09:05:03 PM [OK] CPU Usage 6% | Threshold 90%
2026-07-15 09:10:02 PM [OK] Disk Usage 1% | Threshold 80%
2026-07-15 09:10:03 PM [OK] Memory Usage 17% | Threshold 85%
2026-07-15 09:10:03 PM [OK] CPU Usage 5% | Threshold 90%
2026-07-15 09:15:01 PM [OK] Disk Usage 1% | Threshold 80%
2026-07-15 09:15:01 PM [OK] Memory Usage 18% | Threshold 85%
2026-07-15 09:15:01 PM [OK] CPU Usage 5% | Threshold 90%
2026-07-15 09:20:02 PM [OK] Disk Usage 1% | Threshold 80%
2026-07-15 09:20:02 PM [OK] Memory Usage 17% | Threshold 85%
2026-07-15 09:20:02 PM [OK] CPU Usage 5% | Threshold 90%
2026-07-15 09:25:01 PM [OK] Disk Usage 1% | Threshold 80%
2026-07-15 09:25:01 PM [OK] Memory Usage 18% | Threshold 85%
2026-07-15 09:25:01 PM [OK] CPU Usage 5% | Threshold 90%
2026-07-15 09:30:01 PM [OK] Disk Usage 1% | Threshold 80%
2026-07-15 09:30:01 PM [OK] Memory Usage 18% | Threshold 85%
2026-07-15 09:30:01 PM [OK] CPU Usage 4% | Threshold 90%
2026-07-15 09:35:01 PM [OK] Disk Usage 1% | Threshold 80%
2026-07-15 09:35:01 PM [OK] Memory Usage 18% | Threshold 85%
2026-07-15 09:35:01 PM [OK] CPU Usage 4% | Threshold 90%
2026-07-15 09:40:01 PM [OK] Disk Usage 1% | Threshold 80%
2026-07-15 09:40:01 PM [OK] Memory Usage 18% | Threshold 85%
2026-07-15 09:40:01 PM [OK] CPU Usage 4% | Threshold 90%
2026-07-15 09:45:01 PM [OK] Disk Usage 1% | Threshold 80%
2026-07-15 09:45:01 PM [OK] Memory Usage 18% | Threshold 85%
2026-07-15 09:45:01 PM [OK] CPU Usage 4% | Threshold 90%
2026-07-15 09:50:01 PM [OK] Disk Usage 1% | Threshold 80%
2026-07-15 09:50:01 PM [OK] Memory Usage 18% | Threshold 85%
2026-07-15 09:50:01 PM [OK] CPU Usage 4% | Threshold 90%
2026-07-15 09:55:01 PM [OK] Disk Usage 1% | Threshold 80%
2026-07-15 09:55:01 PM [OK] Memory Usage 18% | Threshold 85%
2026-07-15 09:55:01 PM [OK] CPU Usage 4% | Threshold 90%
2026-07-15 10:00:02 PM [OK] Disk Usage 1% | Threshold 80%
2026-07-15 10:00:02 PM [OK] Memory Usage 18% | Threshold 85%
2026-07-15 10:00:02 PM [OK] CPU Usage 4% | Threshold 90%
2026-07-15 10:05:01 PM [OK] Disk Usage 1% | Threshold 80%
2026-07-15 10:05:01 PM [OK] Memory Usage 18% | Threshold 85%
2026-07-15 10:05:01 PM [OK] CPU Usage 4% | Threshold 90%
2026-07-15 10:10:01 PM [OK] Disk Usage 1% | Threshold 80%
2026-07-15 10:10:01 PM [OK] Memory Usage 18% | Threshold 85%
2026-07-15 10:10:01 PM [OK] CPU Usage 4% | Threshold 90%
2026-07-15 10:15:01 PM [OK] Disk Usage 1% | Threshold 80%
2026-07-15 10:15:01 PM [OK] Memory Usage 18% | Threshold 85%
2026-07-15 10:15:01 PM [OK] CPU Usage 4% | Threshold 90%
2026-07-15 10:20:02 PM [OK] Disk Usage 1% | Threshold 80%
2026-07-15 10:20:02 PM [OK] Memory Usage 18% | Threshold 85%
2026-07-15 10:20:02 PM [OK] CPU Usage 4% | Threshold 90%
2026-07-15 10:25:02 PM [OK] Disk Usage 1% | Threshold 80%
2026-07-15 10:25:02 PM [OK] Memory Usage 18% | Threshold 85%
2026-07-15 10:25:02 PM [OK] CPU Usage 3% | Threshold 90%
2026-07-15 10:30:02 PM [OK] Disk Usage 1% | Threshold 80%
2026-07-15 10:30:02 PM [OK] Memory Usage 18% | Threshold 85%
2026-07-15 10:30:02 PM [OK] CPU Usage 3% | Threshold 90%
2026-07-15 10:35:02 PM [OK] Disk Usage 1% | Threshold 80%
2026-07-15 10:35:02 PM [OK] Memory Usage 18% | Threshold 85%
2026-07-15 10:35:02 PM [OK] CPU Usage 3% | Threshold 90%
2026-07-15 10:40:01 PM [OK] Disk Usage 1% | Threshold 80%
2026-07-15 10:40:01 PM [OK] Memory Usage 18% | Threshold 85%
2026-07-15 10:40:01 PM [OK] CPU Usage 3% | Threshold 90%
2026-07-15 10:45:01 PM [OK] Disk Usage 1% | Threshold 80%
2026-07-15 10:45:01 PM [OK] Memory Usage 18% | Threshold 85%
2026-07-15 10:45:01 PM [OK] CPU Usage 3% | Threshold 90%
2026-07-15 10:50:02 PM [OK] Disk Usage 1% | Threshold 80%
2026-07-15 10:50:02 PM [OK] Memory Usage 18% | Threshold 85%
2026-07-15 10:50:02 PM [OK] CPU Usage 3% | Threshold 90%
2026-07-15 10:55:01 PM [OK] Disk Usage 1% | Threshold 80%
2026-07-15 10:55:01 PM [OK] Memory Usage 18% | Threshold 85%
2026-07-15 10:55:01 PM [OK] CPU Usage 3% | Threshold 90%
2026-07-15 11:00:01 PM [OK] Disk Usage 1% | Threshold 80%
2026-07-15 11:00:01 PM [OK] Memory Usage 18% | Threshold 85%
2026-07-15 11:00:01 PM [OK] CPU Usage 3% | Threshold 90%
2026-07-15 11:05:01 PM [OK] Disk Usage 1% | Threshold 80%
2026-07-15 11:05:01 PM [OK] Memory Usage 18% | Threshold 85%
2026-07-15 11:05:01 PM [OK] CPU Usage 3% | Threshold 90%
2026-07-15 11:10:02 PM [OK] Disk Usage 1% | Threshold 80%
2026-07-15 11:10:02 PM [OK] Memory Usage 18% | Threshold 85%
2026-07-15 11:10:02 PM [OK] CPU Usage 3% | Threshold 90%
2026-07-15 11:15:02 PM [OK] Disk Usage 1% | Threshold 80%
2026-07-15 11:15:02 PM [OK] Memory Usage 18% | Threshold 85%
2026-07-15 11:15:02 PM [OK] CPU Usage 3% | Threshold 90%
2026-07-15 11:20:01 PM [OK] Disk Usage 1% | Threshold 80%
2026-07-15 11:20:01 PM [OK] Memory Usage 19% | Threshold 85%
2026-07-15 11:20:01 PM [OK] CPU Usage 3% | Threshold 90%
2026-07-15 11:25:01 PM [OK] Disk Usage 1% | Threshold 80%
2026-07-15 11:25:01 PM [OK] Memory Usage 18% | Threshold 85%
2026-07-15 11:25:01 PM [OK] CPU Usage 3% | Threshold 90%
2026-07-16 09:25:01 PM [OK] Disk Usage 1% | Threshold 80%
2026-07-16 09:25:01 PM [OK] Memory Usage 18% | Threshold 85%
2026-07-16 09:25:01 PM [OK] CPU Usage 17% | Threshold 90%
2026-07-16 09:30:01 PM [OK] Disk Usage 1% | Threshold 80%
2026-07-16 09:30:01 PM [OK] Memory Usage 18% | Threshold 85%
2026-07-16 09:30:01 PM [OK] CPU Usage 11% | Threshold 90%
2026-07-16 09:35:01 PM [OK] Disk Usage 1% | Threshold 80%
2026-07-16 09:35:01 PM [OK] Memory Usage 18% | Threshold 85%
2026-07-16 09:35:01 PM [OK] CPU Usage 8% | Threshold 90%
2026-07-16 09:40:01 PM [OK] Disk Usage 1% | Threshold 80%
2026-07-16 09:40:02 PM [OK] Memory Usage 18% | Threshold 85%
2026-07-16 09:40:02 PM [OK] CPU Usage 7% | Threshold 90%
2026-07-16 09:45:01 PM [OK] Disk Usage 1% | Threshold 80%
2026-07-16 09:45:01 PM [OK] Memory Usage 18% | Threshold 85%
2026-07-16 09:45:01 PM [OK] CPU Usage 6% | Threshold 90%
2026-07-16 09:50:01 PM [OK] Disk Usage 1% | Threshold 80%
2026-07-16 09:50:01 PM [OK] Memory Usage 18% | Threshold 85%
2026-07-16 09:50:01 PM [OK] CPU Usage 5% | Threshold 90%
2026-07-16 09:55:01 PM [OK] Disk Usage 1% | Threshold 80%
2026-07-16 09:55:01 PM [OK] Memory Usage 18% | Threshold 85%
2026-07-16 09:55:01 PM [OK] CPU Usage 5% | Threshold 90%
2026-07-16 10:00:01 PM [OK] Disk Usage 1% | Threshold 80%
2026-07-16 10:00:01 PM [OK] Memory Usage 19% | Threshold 85%
2026-07-16 10:00:01 PM [OK] CPU Usage 5% | Threshold 90%
2026-07-16 10:05:01 PM [OK] Disk Usage 1% | Threshold 80%
2026-07-16 10:05:01 PM [OK] Memory Usage 18% | Threshold 85%
2026-07-16 10:05:01 PM [OK] CPU Usage 4% | Threshold 90%
2026-07-16 10:10:01 PM [OK] Disk Usage 1% | Threshold 80%
2026-07-16 10:10:01 PM [OK] Memory Usage 18% | Threshold 85%
2026-07-16 10:10:01 PM [OK] CPU Usage 4% | Threshold 90%
2026-07-16 10:15:01 PM [OK] Disk Usage 1% | Threshold 80%
2026-07-16 10:15:01 PM [OK] Memory Usage 18% | Threshold 85%
2026-07-16 10:15:01 PM [OK] CPU Usage 4% | Threshold 90%
2026-07-16 10:20:01 PM [OK] Disk Usage 1% | Threshold 80%
2026-07-16 10:20:01 PM [OK] Memory Usage 18% | Threshold 85%
2026-07-16 10:20:01 PM [OK] CPU Usage 4% | Threshold 90%
2026-07-16 10:25:01 PM [OK] Disk Usage 1% | Threshold 80%
2026-07-16 10:25:02 PM [OK] Memory Usage 19% | Threshold 85%
2026-07-16 10:25:02 PM [OK] CPU Usage 4% | Threshold 90%
2026-07-16 10:30:01 PM [OK] Disk Usage 1% | Threshold 80%
2026-07-16 10:30:01 PM [OK] Memory Usage 19% | Threshold 85%
2026-07-16 10:30:01 PM [OK] CPU Usage 4% | Threshold 90%
2026-07-16 10:35:01 PM [OK] Disk Usage 1% | Threshold 80%
2026-07-16 10:35:01 PM [OK] Memory Usage 19% | Threshold 85%
2026-07-16 10:35:01 PM [OK] CPU Usage 4% | Threshold 90%
2026-07-16 10:40:01 PM [OK] Disk Usage 1% | Threshold 80%
2026-07-16 10:40:01 PM [OK] Memory Usage 19% | Threshold 85%
2026-07-16 10:40:01 PM [OK] CPU Usage 4% | Threshold 90%
2026-07-16 10:45:01 PM [OK] Disk Usage 1% | Threshold 80%
2026-07-16 10:45:01 PM [OK] Memory Usage 19% | Threshold 85%
2026-07-16 10:45:01 PM [OK] CPU Usage 4% | Threshold 90%
2026-07-16 10:50:01 PM [OK] Disk Usage 1% | Threshold 80%
2026-07-16 10:50:01 PM [OK] Memory Usage 19% | Threshold 85%
2026-07-16 10:50:01 PM [OK] CPU Usage 4% | Threshold 90%
2026-07-16 10:55:01 PM [OK] Disk Usage 1% | Threshold 80%
2026-07-16 10:55:01 PM [OK] Memory Usage 19% | Threshold 85%
2026-07-16 10:55:01 PM [OK] CPU Usage 4% | Threshold 90%
2026-07-16 11:00:01 PM [OK] Disk Usage 1% | Threshold 80%
2026-07-16 11:00:01 PM [OK] Memory Usage 19% | Threshold 85%
2026-07-16 11:00:01 PM [OK] CPU Usage 4% | Threshold 90%
2026-07-16 11:05:02 PM [OK] Disk Usage 1% | Threshold 80%
2026-07-16 11:05:02 PM [OK] Memory Usage 18% | Threshold 85%
2026-07-16 11:05:02 PM [OK] CPU Usage 4% | Threshold 90%
2026-07-16 11:10:02 PM [OK] Disk Usage 1% | Threshold 80%
2026-07-16 11:10:02 PM [OK] Memory Usage 18% | Threshold 85%
2026-07-16 11:10:02 PM [OK] CPU Usage 4% | Threshold 90%
2026-07-16 11:15:01 PM [OK] Disk Usage 1% | Threshold 80%
2026-07-16 11:15:01 PM [OK] Memory Usage 19% | Threshold 85%
2026-07-16 11:15:01 PM [OK] CPU Usage 3% | Threshold 90%
2026-07-16 11:20:01 PM [OK] Disk Usage 1% | Threshold 80%
2026-07-16 11:20:01 PM [OK] Memory Usage 19% | Threshold 85%
2026-07-16 11:20:01 PM [OK] CPU Usage 3% | Threshold 90%
2026-07-16 11:25:01 PM [OK] Disk Usage 1% | Threshold 80%
2026-07-16 11:25:01 PM [OK] Memory Usage 19% | Threshold 85%
2026-07-16 11:25:01 PM [OK] CPU Usage 3% | Threshold 90%
2026-07-16 11:30:01 PM [OK] Disk Usage 1% | Threshold 80%
2026-07-16 11:30:01 PM [OK] Memory Usage 19% | Threshold 85%
2026-07-16 11:30:01 PM [OK] CPU Usage 3% | Threshold 90%
2026-07-16 11:35:01 PM [OK] Disk Usage 1% | Threshold 80%
2026-07-16 11:35:02 PM [OK] Memory Usage 19% | Threshold 85%
2026-07-16 11:35:02 PM [OK] CPU Usage 3% | Threshold 90%
2026-07-16 11:40:01 PM [OK] Disk Usage 1% | Threshold 80%
2026-07-16 11:40:01 PM [OK] Memory Usage 19% | Threshold 85%
2026-07-16 11:40:01 PM [OK] CPU Usage 3% | Threshold 90%
2026-07-16 11:45:01 PM [OK] Disk Usage 1% | Threshold 80%
2026-07-16 11:45:01 PM [OK] Memory Usage 19% | Threshold 85%
2026-07-16 11:45:01 PM [OK] CPU Usage 3% | Threshold 90%
2026-07-16 11:50:01 PM [OK] Disk Usage 1% | Threshold 80%
2026-07-16 11:50:01 PM [OK] Memory Usage 19% | Threshold 85%
2026-07-16 11:50:01 PM [OK] CPU Usage 3% | Threshold 90%
2026-07-16 11:55:01 PM [OK] Disk Usage 1% | Threshold 80%
2026-07-16 11:55:01 PM [OK] Memory Usage 19% | Threshold 85%
2026-07-16 11:55:01 PM [OK] CPU Usage 3% | Threshold 90%
2026-07-17 12:00:01 AM [OK] Disk Usage 1% | Threshold 80%
2026-07-17 12:00:01 AM [OK] Memory Usage 19% | Threshold 85%
2026-07-17 12:00:01 AM [OK] CPU Usage 3% | Threshold 90%
2026-07-17 12:05:01 AM [OK] Disk Usage 1% | Threshold 80%
2026-07-17 12:05:01 AM [OK] Memory Usage 19% | Threshold 85%
2026-07-17 12:05:01 AM [OK] CPU Usage 3% | Threshold 90%
2026-07-17 12:10:01 AM [OK] Disk Usage 1% | Threshold 80%
2026-07-17 12:10:01 AM [OK] Memory Usage 19% | Threshold 85%
2026-07-17 12:10:01 AM [OK] CPU Usage 3% | Threshold 90%
2026-07-17 12:15:01 AM [OK] Disk Usage 1% | Threshold 80%
2026-07-17 12:15:01 AM [OK] Memory Usage 19% | Threshold 85%
2026-07-17 12:15:02 AM [OK] CPU Usage 3% | Threshold 90%
2026-07-17 12:20:01 AM [OK] Disk Usage 1% | Threshold 80%
2026-07-17 12:20:01 AM [OK] Memory Usage 19% | Threshold 85%
2026-07-17 12:20:01 AM [OK] CPU Usage 3% | Threshold 90%
2026-07-17 12:25:01 AM [OK] Disk Usage 1% | Threshold 80%
2026-07-17 12:25:01 AM [OK] Memory Usage 19% | Threshold 85%
2026-07-17 12:25:01 AM [OK] CPU Usage 3% | Threshold 90%
2026-07-17 03:40:01 PM [OK] Disk Usage 1% | Threshold 80%
2026-07-17 03:40:01 PM [OK] Memory Usage 21% | Threshold 85%
2026-07-17 03:40:01 PM [OK] CPU Usage 27% | Threshold 90%
2026-07-17 03:45:01 PM [OK] Disk Usage 1% | Threshold 80%
2026-07-17 03:45:01 PM [OK] Memory Usage 18% | Threshold 85%
2026-07-17 03:45:01 PM [OK] CPU Usage 11% | Threshold 90%
2026-07-17 03:50:02 PM [OK] Disk Usage 1% | Threshold 80%
2026-07-17 03:50:02 PM [OK] Memory Usage 19% | Threshold 85%
2026-07-17 03:50:02 PM [OK] CPU Usage 8% | Threshold 90%
2026-07-17 03:55:01 PM [OK] Disk Usage 1% | Threshold 80%
2026-07-17 03:55:01 PM [OK] Memory Usage 18% | Threshold 85%
2026-07-17 03:55:01 PM [OK] CPU Usage 6% | Threshold 90%
2026-07-17 04:00:02 PM [OK] Disk Usage 1% | Threshold 80%
2026-07-17 04:00:02 PM [OK] Memory Usage 18% | Threshold 85%
2026-07-17 04:00:02 PM [OK] CPU Usage 5% | Threshold 90%
2026-07-17 04:05:02 PM [OK] Disk Usage 1% | Threshold 80%
2026-07-17 04:05:02 PM [OK] Memory Usage 18% | Threshold 85%
2026-07-17 04:05:02 PM [OK] CPU Usage 5% | Threshold 90%
2026-07-17 04:10:02 PM [OK] Disk Usage 1% | Threshold 80%
2026-07-17 04:10:02 PM [OK] Memory Usage 18% | Threshold 85%
2026-07-17 04:10:02 PM [OK] CPU Usage 4% | Threshold 90%
2026-07-17 04:15:01 PM [OK] Disk Usage 1% | Threshold 80%
2026-07-17 04:15:02 PM [OK] Memory Usage 20% | Threshold 85%
2026-07-17 04:15:02 PM [OK] CPU Usage 5% | Threshold 90%
2026-07-17 04:20:01 PM [OK] Disk Usage 1% | Threshold 80%
2026-07-17 04:20:01 PM [OK] Memory Usage 18% | Threshold 85%
2026-07-17 04:20:01 PM [OK] CPU Usage 4% | Threshold 90%
2026-07-17 04:25:01 PM [OK] Disk Usage 1% | Threshold 80%
2026-07-17 04:25:01 PM [OK] Memory Usage 18% | Threshold 85%
2026-07-17 04:25:01 PM [OK] CPU Usage 5% | Threshold 90%
2026-07-17 04:30:01 PM [OK] Disk Usage 1% | Threshold 80%
2026-07-17 04:30:01 PM [OK] Memory Usage 18% | Threshold 85%
2026-07-17 04:30:01 PM [OK] CPU Usage 5% | Threshold 90%
2026-07-17 04:35:03 PM [OK] Disk Usage 1% | Threshold 80%
2026-07-17 04:35:03 PM [OK] Memory Usage 18% | Threshold 85%
2026-07-17 04:35:03 PM [OK] CPU Usage 4% | Threshold 90%
2026-07-17 04:40:01 PM [OK] Disk Usage 1% | Threshold 80%
2026-07-17 04:40:01 PM [OK] Memory Usage 18% | Threshold 85%
2026-07-17 04:40:01 PM [OK] CPU Usage 4% | Threshold 90%
2026-07-17 04:45:01 PM [OK] Disk Usage 1% | Threshold 80%
2026-07-17 04:45:01 PM [OK] Memory Usage 18% | Threshold 85%
2026-07-17 04:45:01 PM [OK] CPU Usage 4% | Threshold 90%
2026-07-17 04:50:02 PM [OK] Disk Usage 1% | Threshold 80%
2026-07-17 04:50:02 PM [OK] Memory Usage 18% | Threshold 85%
2026-07-17 04:50:02 PM [OK] CPU Usage 4% | Threshold 90%
2026-07-17 04:55:02 PM [OK] Disk Usage 1% | Threshold 80%
2026-07-17 04:55:02 PM [OK] Memory Usage 18% | Threshold 85%
2026-07-17 04:55:02 PM [OK] CPU Usage 4% | Threshold 90%
2026-07-17 05:00:01 PM [OK] Disk Usage 1% | Threshold 80%
2026-07-17 05:00:01 PM [OK] Memory Usage 18% | Threshold 85%
2026-07-17 05:00:01 PM [OK] CPU Usage 4% | Threshold 90%
2026-07-17 05:05:02 PM [OK] Disk Usage 1% | Threshold 80%
2026-07-17 05:05:02 PM [OK] Memory Usage 18% | Threshold 85%
2026-07-17 05:05:02 PM [OK] CPU Usage 4% | Threshold 90%
2026-07-17 05:10:01 PM [OK] Disk Usage 1% | Threshold 80%
2026-07-17 05:10:01 PM [OK] Memory Usage 18% | Threshold 85%
2026-07-17 05:10:01 PM [OK] CPU Usage 4% | Threshold 90%
2026-07-17 05:15:01 PM [OK] Disk Usage 1% | Threshold 80%
2026-07-17 05:15:01 PM [OK] Memory Usage 18% | Threshold 85%
2026-07-17 05:15:01 PM [OK] CPU Usage 4% | Threshold 90%
2026-07-17 05:20:01 PM [OK] Disk Usage 1% | Threshold 80%
2026-07-17 05:20:01 PM [OK] Memory Usage 19% | Threshold 85%
2026-07-17 05:20:01 PM [OK] CPU Usage 3% | Threshold 90%
2026-07-17 05:25:01 PM [OK] Disk Usage 1% | Threshold 80%
2026-07-17 05:25:01 PM [OK] Memory Usage 19% | Threshold 85%
2026-07-17 05:25:01 PM [OK] CPU Usage 3% | Threshold 90%
2026-07-17 05:30:01 PM [OK] Disk Usage 1% | Threshold 80%
2026-07-17 05:30:01 PM [OK] Memory Usage 18% | Threshold 85%
2026-07-17 05:30:01 PM [OK] CPU Usage 3% | Threshold 90%
2026-07-17 05:35:02 PM [OK] Disk Usage 1% | Threshold 80%
2026-07-17 05:35:02 PM [OK] Memory Usage 19% | Threshold 85%
2026-07-17 05:35:02 PM [OK] CPU Usage 3% | Threshold 90%
2026-07-17 05:40:01 PM [OK] Disk Usage 1% | Threshold 80%
2026-07-17 05:40:01 PM [OK] Memory Usage 19% | Threshold 85%
2026-07-17 05:40:01 PM [OK] CPU Usage 3% | Threshold 90%
2026-07-17 05:45:01 PM [OK] Disk Usage 1% | Threshold 80%
2026-07-17 05:45:01 PM [OK] Memory Usage 18% | Threshold 85%
2026-07-17 05:45:01 PM [OK] CPU Usage 3% | Threshold 90%
2026-07-17 05:50:01 PM [OK] Disk Usage 1% | Threshold 80%
2026-07-17 05:50:01 PM [OK] Memory Usage 19% | Threshold 85%
2026-07-17 05:50:01 PM [OK] CPU Usage 3% | Threshold 90%
2026-07-17 05:55:01 PM [OK] Disk Usage 1% | Threshold 80%
2026-07-17 05:55:01 PM [OK] Memory Usage 19% | Threshold 85%
2026-07-17 05:55:01 PM [OK] CPU Usage 3% | Threshold 90%
2026-07-17 06:00:02 PM [OK] Disk Usage 1% | Threshold 80%
2026-07-17 06:00:02 PM [OK] Memory Usage 18% | Threshold 85%
2026-07-17 06:00:02 PM [OK] CPU Usage 3% | Threshold 90%
2026-07-17 06:05:01 PM [OK] Disk Usage 1% | Threshold 80%
2026-07-17 06:05:01 PM [OK] Memory Usage 19% | Threshold 85%
2026-07-17 06:05:01 PM [OK] CPU Usage 3% | Threshold 90%
2026-07-17 06:10:02 PM [OK] Disk Usage 1% | Threshold 80%
2026-07-17 06:10:02 PM [OK] Memory Usage 18% | Threshold 85%
2026-07-17 06:10:02 PM [OK] CPU Usage 3% | Threshold 90%
2026-07-17 06:15:02 PM [OK] Disk Usage 1% | Threshold 80%
2026-07-17 06:15:02 PM [OK] Memory Usage 18% | Threshold 85%
2026-07-17 06:15:02 PM [OK] CPU Usage 3% | Threshold 90%
2026-07-17 06:20:02 PM [OK] Disk Usage 1% | Threshold 80%
2026-07-17 06:20:02 PM [OK] Memory Usage 18% | Threshold 85%
2026-07-17 06:20:02 PM [OK] CPU Usage 3% | Threshold 90%
2026-07-17 06:25:01 PM [OK] Disk Usage 1% | Threshold 80%
2026-07-17 06:25:01 PM [OK] Memory Usage 19% | Threshold 85%
2026-07-17 06:25:01 PM [OK] CPU Usage 3% | Threshold 90%
2026-07-17 06:30:01 PM [OK] Disk Usage 1% | Threshold 80%
2026-07-17 06:30:01 PM [OK] Memory Usage 19% | Threshold 85%
2026-07-17 06:30:01 PM [OK] CPU Usage 3% | Threshold 90%
2026-07-17 06:35:01 PM [OK] Disk Usage 1% | Threshold 80%
2026-07-17 06:35:01 PM [OK] Memory Usage 19% | Threshold 85%
2026-07-17 06:35:01 PM [OK] CPU Usage 3% | Threshold 90%
2026-07-17 06:40:01 PM [OK] Disk Usage 1% | Threshold 80%
2026-07-17 06:40:01 PM [OK] Memory Usage 19% | Threshold 85%
2026-07-17 06:40:01 PM [OK] CPU Usage 3% | Threshold 90%
2026-07-17 06:45:01 PM [OK] Disk Usage 1% | Threshold 80%
2026-07-17 06:45:01 PM [OK] Memory Usage 19% | Threshold 85%
2026-07-17 06:45:01 PM [OK] CPU Usage 3% | Threshold 90%
2026-07-17 06:50:01 PM [OK] Disk Usage 1% | Threshold 80%
2026-07-17 06:50:01 PM [OK] Memory Usage 19% | Threshold 85%
2026-07-17 06:50:01 PM [OK] CPU Usage 3% | Threshold 90%
2026-07-17 06:55:02 PM [OK] Disk Usage 1% | Threshold 80%
2026-07-17 06:55:02 PM [OK] Memory Usage 19% | Threshold 85%
2026-07-17 06:55:02 PM [OK] CPU Usage 3% | Threshold 90%
2026-07-17 07:00:01 PM [OK] Disk Usage 1% | Threshold 80%
2026-07-17 07:00:01 PM [OK] Memory Usage 19% | Threshold 85%
2026-07-17 07:00:01 PM [OK] CPU Usage 3% | Threshold 90%
2026-07-17 07:05:02 PM [OK] Disk Usage 1% | Threshold 80%
2026-07-17 07:05:02 PM [OK] Memory Usage 19% | Threshold 85%
2026-07-17 07:05:02 PM [OK] CPU Usage 3% | Threshold 90%
2026-07-17 07:10:01 PM [OK] Disk Usage 1% | Threshold 80%
2026-07-17 07:10:01 PM [OK] Memory Usage 19% | Threshold 85%
2026-07-17 07:10:01 PM [OK] CPU Usage 3% | Threshold 90%
2026-07-17 07:15:01 PM [OK] Disk Usage 1% | Threshold 80%
2026-07-17 07:15:01 PM [OK] Memory Usage 19% | Threshold 85%
2026-07-17 07:15:01 PM [OK] CPU Usage 3% | Threshold 90%
2026-07-17 07:20:01 PM [OK] Disk Usage 1% | Threshold 80%
2026-07-17 07:20:01 PM [OK] Memory Usage 19% | Threshold 85%
2026-07-17 07:20:01 PM [OK] CPU Usage 3% | Threshold 90%
2026-07-17 07:25:01 PM [OK] Disk Usage 1% | Threshold 80%
2026-07-17 07:25:01 PM [OK] Memory Usage 19% | Threshold 85%
2026-07-17 07:25:01 PM [OK] CPU Usage 3% | Threshold 90%
2026-07-17 07:30:01 PM [OK] Disk Usage 1% | Threshold 80%
2026-07-17 07:30:01 PM [OK] Memory Usage 19% | Threshold 85%
2026-07-17 07:30:01 PM [OK] CPU Usage 3% | Threshold 90%
2026-07-17 07:35:02 PM [OK] Disk Usage 1% | Threshold 80%
2026-07-17 07:35:02 PM [OK] Memory Usage 19% | Threshold 85%
2026-07-17 07:35:02 PM [OK] CPU Usage 3% | Threshold 90%
2026-07-17 07:40:01 PM [OK] Disk Usage 1% | Threshold 80%
2026-07-17 07:40:01 PM [OK] Memory Usage 19% | Threshold 85%
2026-07-17 07:40:01 PM [OK] CPU Usage 3% | Threshold 90%
2026-07-17 07:45:01 PM [OK] Disk Usage 1% | Threshold 80%
2026-07-17 07:45:01 PM [OK] Memory Usage 19% | Threshold 85%
2026-07-17 07:45:01 PM [OK] CPU Usage 3% | Threshold 90%
2026-07-17 07:50:01 PM [OK] Disk Usage 1% | Threshold 80%
2026-07-17 07:50:01 PM [OK] Memory Usage 19% | Threshold 85%
2026-07-17 07:50:01 PM [OK] CPU Usage 3% | Threshold 90%
2026-07-17 07:55:01 PM [OK] Disk Usage 1% | Threshold 80%
2026-07-17 07:55:01 PM [OK] Memory Usage 19% | Threshold 85%
2026-07-17 07:55:01 PM [OK] CPU Usage 3% | Threshold 90%
2026-07-17 08:00:01 PM [OK] Disk Usage 1% | Threshold 80%
2026-07-17 08:00:01 PM [OK] Memory Usage 19% | Threshold 85%
2026-07-17 08:00:01 PM [OK] CPU Usage 3% | Threshold 90%
2026-07-17 08:05:02 PM [OK] Disk Usage 1% | Threshold 80%
2026-07-17 08:05:02 PM [OK] Memory Usage 19% | Threshold 85%
2026-07-17 08:05:02 PM [OK] CPU Usage 3% | Threshold 90%
2026-07-17 08:10:01 PM [OK] Disk Usage 1% | Threshold 80%
2026-07-17 08:10:01 PM [OK] Memory Usage 19% | Threshold 85%
2026-07-17 08:10:01 PM [OK] CPU Usage 3% | Threshold 90%
2026-07-17 08:15:01 PM [OK] Disk Usage 1% | Threshold 80%
2026-07-17 08:15:01 PM [OK] Memory Usage 18% | Threshold 85%
2026-07-17 08:15:01 PM [OK] CPU Usage 3% | Threshold 90%
2026-07-17 08:20:03 PM [OK] Disk Usage 1% | Threshold 80%
2026-07-17 08:20:03 PM [OK] Memory Usage 18% | Threshold 85%
2026-07-17 08:20:03 PM [OK] CPU Usage 3% | Threshold 90%
2026-07-17 08:25:02 PM [OK] Disk Usage 1% | Threshold 80%
2026-07-17 08:25:02 PM [OK] Memory Usage 19% | Threshold 85%
2026-07-17 08:25:02 PM [OK] CPU Usage 3% | Threshold 90%
2026-07-17 08:30:01 PM [OK] Disk Usage 1% | Threshold 80%
2026-07-17 08:30:02 PM [OK] Memory Usage 19% | Threshold 85%
2026-07-17 08:30:02 PM [OK] CPU Usage 3% | Threshold 90%
2026-07-17 08:35:01 PM [OK] Disk Usage 1% | Threshold 80%
2026-07-17 08:35:01 PM [OK] Memory Usage 19% | Threshold 85%
2026-07-17 08:35:01 PM [OK] CPU Usage 3% | Threshold 90%
2026-07-17 08:40:02 PM [OK] Disk Usage 1% | Threshold 80%
2026-07-17 08:40:02 PM [OK] Memory Usage 19% | Threshold 85%
2026-07-17 08:40:02 PM [OK] CPU Usage 3% | Threshold 90%
2026-07-17 08:45:01 PM [OK] Disk Usage 1% | Threshold 80%
2026-07-17 08:45:01 PM [OK] Memory Usage 19% | Threshold 85%
2026-07-17 08:45:01 PM [OK] CPU Usage 3% | Threshold 90%
2026-07-17 08:50:02 PM [OK] Disk Usage 1% | Threshold 80%
2026-07-17 08:50:02 PM [OK] Memory Usage 18% | Threshold 85%
2026-07-17 08:50:02 PM [OK] CPU Usage 3% | Threshold 90%
2026-07-17 08:55:01 PM [OK] Disk Usage 1% | Threshold 80%
2026-07-17 08:55:02 PM [OK] Memory Usage 19% | Threshold 85%
2026-07-17 08:55:02 PM [OK] CPU Usage 3% | Threshold 90%
2026-07-17 09:00:01 PM [OK] Disk Usage 1% | Threshold 80%
2026-07-17 09:00:01 PM [OK] Memory Usage 19% | Threshold 85%
2026-07-17 09:00:01 PM [OK] CPU Usage 3% | Threshold 90%
2026-07-17 09:05:01 PM [OK] Disk Usage 1% | Threshold 80%
2026-07-17 09:05:01 PM [OK] Memory Usage 19% | Threshold 85%
2026-07-17 09:05:01 PM [OK] CPU Usage 3% | Threshold 90%
2026-07-17 09:10:01 PM [OK] Disk Usage 1% | Threshold 80%
2026-07-17 09:10:01 PM [OK] Memory Usage 19% | Threshold 85%
2026-07-17 09:10:01 PM [OK] CPU Usage 3% | Threshold 90%
2026-07-17 09:15:01 PM [OK] Disk Usage 1% | Threshold 80%
2026-07-17 09:15:01 PM [OK] Memory Usage 19% | Threshold 85%
2026-07-17 09:15:01 PM [OK] CPU Usage 3% | Threshold 90%
2026-07-17 09:20:01 PM [OK] Disk Usage 1% | Threshold 80%
2026-07-17 09:20:01 PM [OK] Memory Usage 19% | Threshold 85%
2026-07-17 09:20:01 PM [OK] CPU Usage 3% | Threshold 90%
2026-07-17 09:25:01 PM [OK] Disk Usage 1% | Threshold 80%
2026-07-17 09:25:01 PM [OK] Memory Usage 19% | Threshold 85%
2026-07-17 09:25:01 PM [OK] CPU Usage 3% | Threshold 90%
2026-07-17 09:30:01 PM [OK] Disk Usage 1% | Threshold 80%
2026-07-17 09:30:01 PM [OK] Memory Usage 19% | Threshold 85%
2026-07-17 09:30:01 PM [OK] CPU Usage 3% | Threshold 90%
2026-07-17 09:35:01 PM [OK] Disk Usage 1% | Threshold 80%
2026-07-17 09:35:01 PM [OK] Memory Usage 19% | Threshold 85%
2026-07-17 09:35:01 PM [OK] CPU Usage 3% | Threshold 90%
2026-07-17 09:40:02 PM [OK] Disk Usage 1% | Threshold 80%
2026-07-17 09:40:02 PM [OK] Memory Usage 19% | Threshold 85%
2026-07-17 09:40:02 PM [OK] CPU Usage 3% | Threshold 90%
2026-07-17 09:45:02 PM [OK] Disk Usage 1% | Threshold 80%
2026-07-17 09:45:02 PM [OK] Memory Usage 19% | Threshold 85%
2026-07-17 09:45:02 PM [OK] CPU Usage 3% | Threshold 90%
2026-07-17 09:50:01 PM [OK] Disk Usage 1% | Threshold 80%
2026-07-17 09:50:01 PM [OK] Memory Usage 19% | Threshold 85%
2026-07-17 09:50:01 PM [OK] CPU Usage 3% | Threshold 90%
2026-07-17 09:55:01 PM [OK] Disk Usage 1% | Threshold 80%
2026-07-17 09:55:01 PM [OK] Memory Usage 19% | Threshold 85%
2026-07-17 09:55:01 PM [OK] CPU Usage 3% | Threshold 90%
2026-07-17 10:00:02 PM [OK] Disk Usage 1% | Threshold 80%
2026-07-17 10:00:02 PM [OK] Memory Usage 19% | Threshold 85%
2026-07-17 10:00:02 PM [OK] CPU Usage 3% | Threshold 90%
2026-07-17 10:05:03 PM [OK] Disk Usage 1% | Threshold 80%
2026-07-17 10:05:03 PM [OK] Memory Usage 19% | Threshold 85%
2026-07-17 10:05:03 PM [OK] CPU Usage 3% | Threshold 90%
